nohup: ignoring input
tr 2.3.1 https://github.com/myhub/tr
2022/06/27 15:58:18 - TrWebOCRLog.backend.webInterface.tr_run - [INFO] | {"ip": "8.142.14.63:5017", "return": {"code": 200, "msg": "\u6210\u529f", "data": {"raw_out": {"\u7ea2\u7ec6\u80de\u6570": {"Value": 4.3}, "\u8840\u7ea2\u86cb\u767d": {"Value": 137.0, "Lvalue": 110.0, "Hvalue": 190.0, "Level": "E"}, "\u767d\u7ec6\u80de\u6570": {"Value": 12.5, "Lvalue": 4.0, "Hvalue": 12.0, "Level": "H"}, "\u4e2d\u6027\u7c92\u7ec6\u80de\u767e\u5206\u6bd4": {"Value": 53.2, "Lvalue": 35.0, "Hvalue": 65.0, "Level": "E"}, "\u6dcb\u5df4\u7ec6\u80de\u767e\u5206\u6bd4": {"Value": 37.0, "Lvalue": 23.0, "Hvalue": 53.0, "Level": "E"}}, "person_info": {"\u533b\u9662": "\u5317\u4eac\u4eac\u90fd\u513f\u7ae5\u533b\u9662", "\u59d3\u540d": "\u90d1\u777f\u6c5f", "\u75c5\u4eba\u7c7b\u578b": "\u95e8\u8bca", "\u6807\u672c\u7c7b\u578b": "\u5168\u8840", "\u5361\u53f7": "20150100107944", "\u5e74\u9f84": "3\u5c81", "\u68c0\u67e5\u65e5\u671f": "2020/12/20", "\u79d1\u5ba4": "\u6025\u6027\u5589\u708e"}, "speed_time": 3.75}}, "time": "2022-06-27 15:58:18"}
[I 220627 15:58:18 tr_run:158] {"ip": "8.142.14.63:5017", "return": {"code": 200, "msg": "\u6210\u529f", "data": {"raw_out": {"\u7ea2\u7ec6\u80de\u6570": {"Value": 4.3}, "\u8840\u7ea2\u86cb\u767d": {"Value": 137.0, "Lvalue": 110.0, "Hvalue": 190.0, "Level": "E"}, "\u767d\u7ec6\u80de\u6570": {"Value": 12.5, "Lvalue": 4.0, "Hvalue": 12.0, "Level": "H"}, "\u4e2d\u6027\u7c92\u7ec6\u80de\u767e\u5206\u6bd4": {"Value": 53.2, "Lvalue": 35.0, "Hvalue": 65.0, "Level": "E"}, "\u6dcb\u5df4\u7ec6\u80de\u767e\u5206\u6bd4": {"Value": 37.0, "Lvalue": 23.0, "Hvalue": 53.0, "Level": "E"}}, "person_info": {"\u533b\u9662": "\u5317\u4eac\u4eac\u90fd\u513f\u7ae5\u533b\u9662", "\u59d3\u540d": "\u90d1\u777f\u6c5f", "\u75c5\u4eba\u7c7b\u578b": "\u95e8\u8bca", "\u6807\u672c\u7c7b\u578b": "\u5168\u8840", "\u5361\u53f7": "20150100107944", "\u5e74\u9f84": "3\u5c81", "\u68c0\u67e5\u65e5\u671f": "2020/12/20", "\u79d1\u5ba4": "\u6025\u6027\u5589\u708e"}, "speed_time": 3.75}}, "time": "2022-06-27 15:58:18"}
[I 220627 15:58:18 web:2239] 200 POST /api/tr-run/ (8.142.14.63) 3767.38ms
2022/06/27 15:59:34 - TrWebOCRLog.backend.webInterface.tr_run - [INFO] | {"ip": "8.142.14.63:5017", "return": {"code": 200, "msg": "\u6210\u529f", "data": {"raw_out": {"\u7ea2\u7ec6\u80de\u6570": {"Value": 4.3}, "\u8840\u7ea2\u86cb\u767d": {"Value": 137.0, "Lvalue": 110.0, "Hvalue": 190.0, "Level": "E"}, "\u767d\u7ec6\u80de\u6570": {"Value": 12.5, "Lvalue": 4.0, "Hvalue": 12.0, "Level": "H"}, "\u4e2d\u6027\u7c92\u7ec6\u80de\u767e\u5206\u6bd4": {"Value": 53.2, "Lvalue": 35.0, "Hvalue": 65.0, "Level": "E"}, "\u6dcb\u5df4\u7ec6\u80de\u767e\u5206\u6bd4": {"Value": 37.0, "Lvalue": 23.0, "Hvalue": 53.0, "Level": "E"}}, "person_info": {"\u533b\u9662": "\u5317\u4eac\u4eac\u90fd\u513f\u7ae5\u533b\u9662", "\u59d3\u540d": "\u90d1\u777f\u6c5f", "\u75c5\u4eba\u7c7b\u578b": "\u95e8\u8bca", "\u6807\u672c\u7c7b\u578b": "\u5168\u8840", "\u5361\u53f7": "20150100107944", "\u5e74\u9f84": "3\u5c81", "\u68c0\u67e5\u65e5\u671f": "2020/12/20", "\u79d1\u5ba4": "\u6025\u6027\u5589\u708e"}, "speed_time": 3.76}}, "time": "2022-06-27 15:59:34"}
[I 220627 15:59:34 tr_run:158] {"ip": "8.142.14.63:5017", "return": {"code": 200, "msg": "\u6210\u529f", "data": {"raw_out": {"\u7ea2\u7ec6\u80de\u6570": {"Value": 4.3}, "\u8840\u7ea2\u86cb\u767d": {"Value": 137.0, "Lvalue": 110.0, "Hvalue": 190.0, "Level": "E"}, "\u767d\u7ec6\u80de\u6570": {"Value": 12.5, "Lvalue": 4.0, "Hvalue": 12.0, "Level": "H"}, "\u4e2d\u6027\u7c92\u7ec6\u80de\u767e\u5206\u6bd4": {"Value": 53.2, "Lvalue": 35.0, "Hvalue": 65.0, "Level": "E"}, "\u6dcb\u5df4\u7ec6\u80de\u767e\u5206\u6bd4": {"Value": 37.0, "Lvalue": 23.0, "Hvalue": 53.0, "Level": "E"}}, "person_info": {"\u533b\u9662": "\u5317\u4eac\u4eac\u90fd\u513f\u7ae5\u533b\u9662", "\u59d3\u540d": "\u90d1\u777f\u6c5f", "\u75c5\u4eba\u7c7b\u578b": "\u95e8\u8bca", "\u6807\u672c\u7c7b\u578b": "\u5168\u8840", "\u5361\u53f7": "20150100107944", "\u5e74\u9f84": "3\u5c81", "\u68c0\u67e5\u65e5\u671f": "2020/12/20", "\u79d1\u5ba4": "\u6025\u6027\u5589\u708e"}, "speed_time": 3.76}}, "time": "2022-06-27 15:59:34"}
[I 220627 15:59:34 web:2239] 200 POST /api/tr-run/ (8.142.14.63) 3786.35ms
Server is running: http://172.28.11.25:5017
Now version is: cpu
221
194
['北京京都儿童医院检验报告单', '费别:学生儿童', '姓名:郑睿江', '病人类型:门诊', '送检医生:邸罕珍', '标本类型:全血', '性别:', '卡', '号:20150100107944', '床', '号:', '检验仪器:XS500I-2', '男', '351', '年龄:3岁', '诊', '2017/10/30生', '科', '室:急诊科', '断:急性喉炎', '样本号:', '代号', '项目名称', '结果', '参考值', '单位', '代号', '项目名称', '结果', '参考值', '单位', 'CRP', 'C反应蛋白', '<0.499', '0~10', 'mg/L', '14', '*RBC', '红细胞', '4.3', '4.01 5.5', '10^12/L', '1', 'CRPH', '超敏C反应蛋白', '<0.499', '010', 'mg/L', '15', '*HGB', '血红蛋白', '137', '110~190', 'g/L', '2', '*WBC', '白细胞', '12.50 1', '4~12', '10^9/L', '16', '*HCT', '红细胞压积', '35.20', '30~50', '%', '3', 'NEU', '中性粒细胞', '6.65', '1.4 6.5', '10^9/L', '17', 'MCV', '平均红细胞体积', '81.5', '80~100', '4', '淋巴细胞数', 'fL', '0.925.3', '10^9/L', '18', 'MCH', '平均血红蛋白含量', '31.7', 'Pg', '5', 'LYM', '4.62', 'MONO', '单核细胞数', 'f27~31', '0.29 0.95', '10^9/L', '19', 'MCHC', '平均血红蛋白浓度', '389', '6', '1.03', 'f 310~350', 'g/L', '7', 'EO#', '嗜酸粒细胞数', '0.18', '0.03 0.59', '10^9/L', '20', 'RDW_SD', '红细胞体积分布宽度SD', '37.20', '37.1~45.7', 'fL', '%', '8', 'BASO#', '嗜碱粒细胞数', '0.02', '0~0.1', '10^9/L', '21', 'RDW-CV', '红细胞体积分布宽度CV 12.80', '12~13.6', 'NEU%', '中性粒细胞%', '53.20', '35~65', '%', '22', '*PLT', '血小板计数', '216', '100~300', '10^9/L', '9', '10LYM%', '淋巴细胞%', '37.00', '23~53', '%', '23', 'PDW', '血小板体积分布宽度', '11', '10.3', '10.1 16.1', 'fL', 'MONO%', '5.2~15.2', '12 EO%', '24', 'MPV', '平均血小板体积', '9.8', '9.3~12.1', 'fL', '单核细胞%', '8.20', '%', '嗜酸性粒细胞比率1.40', '0.67.6', '%', '25', 'P-LCR', '大血小板比率', '22.30', '18.542.3', '%', 'BASO%', '嗜碱性粒细胞比率0.20', '血小板比积', '0.21', '0.17~0.32', '%', '0.1~1.2', '%', '26', 'PCT', '13', '备注:', 'WBC', 'PLT', '报告时间:2020/12/20 22:33', '春立|既菁', '夏揪者秀姹悉', '采样时间:2020/12/20 22:24:', '接收时间:2020/12/20 22:27', '声明:此检验报告仅对该送检标本负责!*项目代表京津冀鲁临床检验结果互认项目', '匠院她址北京市昌平区回龙观东大街308号院1,', '联系电话;', '010-69787777-7912']
False
红细胞
4.3
血红蛋白
137
110~190
['110', '190']
白细胞
12.50 1
object
4~12
['4', '12']
中性粒细胞%
53.20
35~65
['35', '65']
淋巴细胞%
37.00
23~53
['23', '53']
194
194
{'红细胞数': {'Value': 4.3}, '血红蛋白': {'Value': 137.0, 'Lvalue': 110.0, 'Hvalue': 190.0, 'Level': 'E'}, '白细胞数': {'Value': 12.5, 'Lvalue': 4.0, 'Hvalue': 12.0, 'Level': 'H'}, '中性粒细胞百分比': {'Value': 53.2, 'Lvalue': 35.0, 'Hvalue': 65.0, 'Level': 'E'}, '淋巴细胞百分比': {'Value': 37.0, 'Lvalue': 23.0, 'Hvalue': 53.0, 'Level': 'E'}}
221
194
['北京京都儿童医院检验报告单', '费别:学生儿童', '姓名:郑睿江', '病人类型:门诊', '送检医生:邸罕珍', '标本类型:全血', '性别:', '卡', '号:20150100107944', '床', '号:', '检验仪器:XS500I-2', '男', '351', '年龄:3岁', '诊', '2017/10/30生', '科', '室:急诊科', '断:急性喉炎', '样本号:', '代号', '项目名称', '结果', '参考值', '单位', '代号', '项目名称', '结果', '参考值', '单位', 'CRP', 'C反应蛋白', '<0.499', '0~10', 'mg/L', '14', '*RBC', '红细胞', '4.3', '4.01 5.5', '10^12/L', '1', 'CRPH', '超敏C反应蛋白', '<0.499', '010', 'mg/L', '15', '*HGB', '血红蛋白', '137', '110~190', 'g/L', '2', '*WBC', '白细胞', '12.50 1', '4~12', '10^9/L', '16', '*HCT', '红细胞压积', '35.20', '30~50', '%', '3', 'NEU', '中性粒细胞', '6.65', '1.4 6.5', '10^9/L', '17', 'MCV', '平均红细胞体积', '81.5', '80~100', '4', '淋巴细胞数', 'fL', '0.925.3', '10^9/L', '18', 'MCH', '平均血红蛋白含量', '31.7', 'Pg', '5', 'LYM', '4.62', 'MONO', '单核细胞数', 'f27~31', '0.29 0.95', '10^9/L', '19', 'MCHC', '平均血红蛋白浓度', '389', '6', '1.03', 'f 310~350', 'g/L', '7', 'EO#', '嗜酸粒细胞数', '0.18', '0.03 0.59', '10^9/L', '20', 'RDW_SD', '红细胞体积分布宽度SD', '37.20', '37.1~45.7', 'fL', '%', '8', 'BASO#', '嗜碱粒细胞数', '0.02', '0~0.1', '10^9/L', '21', 'RDW-CV', '红细胞体积分布宽度CV 12.80', '12~13.6', 'NEU%', '中性粒细胞%', '53.20', '35~65', '%', '22', '*PLT', '血小板计数', '216', '100~300', '10^9/L', '9', '10LYM%', '淋巴细胞%', '37.00', '23~53', '%', '23', 'PDW', '血小板体积分布宽度', '11', '10.3', '10.1 16.1', 'fL', 'MONO%', '5.2~15.2', '12 EO%', '24', 'MPV', '平均血小板体积', '9.8', '9.3~12.1', 'fL', '单核细胞%', '8.20', '%', '嗜酸性粒细胞比率1.40', '0.67.6', '%', '25', 'P-LCR', '大血小板比率', '22.30', '18.542.3', '%', 'BASO%', '嗜碱性粒细胞比率0.20', '血小板比积', '0.21', '0.17~0.32', '%', '0.1~1.2', '%', '26', 'PCT', '13', '备注:', 'WBC', 'PLT', '报告时间:2020/12/20 22:33', '春立|既菁', '夏揪者秀姹悉', '采样时间:2020/12/20 22:24:', '接收时间:2020/12/20 22:27', '声明:此检验报告仅对该送检标本负责!*项目代表京津冀鲁临床检验结果互认项目', '匠院她址北京市昌平区回龙观东大街308号院1,', '联系电话;', '010-69787777-7912']
False
红细胞
4.3
血红蛋白
137
110~190
['110', '190']
白细胞
12.50 1
object
4~12
['4', '12']
中性粒细胞%
53.20
35~65
['35', '65']
淋巴细胞%
37.00
23~53
['23', '53']
194
194
{'红细胞数': {'Value': 4.3}, '血红蛋白': {'Value': 137.0, 'Lvalue': 110.0, 'Hvalue': 190.0, 'Level': 'E'}, '白细胞数': {'Value': 12.5, 'Lvalue': 4.0, 'Hvalue': 12.0, 'Level': 'H'}, '中性粒细胞百分比': {'Value': 53.2, 'Lvalue': 35.0, 'Hvalue': 65.0, 'Level': 'E'}, '淋巴细胞百分比': {'Value': 37.0, 'Lvalue': 23.0, 'Hvalue': 53.0, 'Level': 'E'}}
221
194
2022/06/27 15:59:53 - TrWebOCRLog.backend.webInterface.tr_run - [INFO] | {"ip": "8.142.14.63:5017", "return": {"code": 200, "msg": "\u6210\u529f", "data": {"raw_out": {"\u7ea2\u7ec6\u80de\u6570": {"Value": 4.3}, "\u8840\u7ea2\u86cb\u767d": {"Value": 137.0, "Lvalue": 110.0, "Hvalue": 190.0, "Level": "E"}, "\u767d\u7ec6\u80de\u6570": {"Value": 12.5, "Lvalue": 4.0, "Hvalue": 12.0, "Level": "H"}, "\u4e2d\u6027\u7c92\u7ec6\u80de\u767e\u5206\u6bd4": {"Value": 53.2, "Lvalue": 35.0, "Hvalue": 65.0, "Level": "E"}, "\u6dcb\u5df4\u7ec6\u80de\u767e\u5206\u6bd4": {"Value": 37.0, "Lvalue": 23.0, "Hvalue": 53.0, "Level": "E"}}, "person_info": {"\u533b\u9662": "\u5317\u4eac\u4eac\u90fd\u513f\u7ae5\u533b\u9662", "\u59d3\u540d": "\u90d1\u777f\u6c5f", "\u75c5\u4eba\u7c7b\u578b": "\u95e8\u8bca", "\u6807\u672c\u7c7b\u578b": "\u5168\u8840", "\u5361\u53f7": "20150100107944", "\u5e74\u9f84": "3\u5c81", "\u68c0\u67e5\u65e5\u671f": "2020/12/20", "\u79d1\u5ba4": "\u6025\u6027\u5589\u708e"}, "speed_time": 3.72}}, "time": "2022-06-27 15:59:53"}
[I 220627 15:59:53 tr_run:158] {"ip": "8.142.14.63:5017", "return": {"code": 200, "msg": "\u6210\u529f", "data": {"raw_out": {"\u7ea2\u7ec6\u80de\u6570": {"Value": 4.3}, "\u8840\u7ea2\u86cb\u767d": {"Value": 137.0, "Lvalue": 110.0, "Hvalue": 190.0, "Level": "E"}, "\u767d\u7ec6\u80de\u6570": {"Value": 12.5, "Lvalue": 4.0, "Hvalue": 12.0, "Level": "H"}, "\u4e2d\u6027\u7c92\u7ec6\u80de\u767e\u5206\u6bd4": {"Value": 53.2, "Lvalue": 35.0, "Hvalue": 65.0, "Level": "E"}, "\u6dcb\u5df4\u7ec6\u80de\u767e\u5206\u6bd4": {"Value": 37.0, "Lvalue": 23.0, "Hvalue": 53.0, "Level": "E"}}, "person_info": {"\u533b\u9662": "\u5317\u4eac\u4eac\u90fd\u513f\u7ae5\u533b\u9662", "\u59d3\u540d": "\u90d1\u777f\u6c5f", "\u75c5\u4eba\u7c7b\u578b": "\u95e8\u8bca", "\u6807\u672c\u7c7b\u578b": "\u5168\u8840", "\u5361\u53f7": "20150100107944", "\u5e74\u9f84": "3\u5c81", "\u68c0\u67e5\u65e5\u671f": "2020/12/20", "\u79d1\u5ba4": "\u6025\u6027\u5589\u708e"}, "speed_time": 3.72}}, "time": "2022-06-27 15:59:53"}
[I 220627 15:59:53 web:2239] 200 POST /api/tr-run/ (8.142.14.63) 3746.78ms
2022/06/27 16:00:03 - TrWebOCRLog.backend.webInterface.tr_run - [INFO] | {"ip": "8.142.14.63:5017", "return": {"code": 200, "msg": "\u6210\u529f", "data": {"raw_out": {"\u7ea2\u7ec6\u80de\u6570": {"Value": 4.3}, "\u8840\u7ea2\u86cb\u767d": {"Value": 137.0, "Lvalue": 110.0, "Hvalue": 190.0, "Level": "E"}, "\u767d\u7ec6\u80de\u6570": {"Value": 12.5, "Lvalue": 4.0, "Hvalue": 12.0, "Level": "H"}, "\u4e2d\u6027\u7c92\u7ec6\u80de\u767e\u5206\u6bd4": {"Value": 53.2, "Lvalue": 35.0, "Hvalue": 65.0, "Level": "E"}, "\u6dcb\u5df4\u7ec6\u80de\u767e\u5206\u6bd4": {"Value": 37.0, "Lvalue": 23.0, "Hvalue": 53.0, "Level": "E"}}, "person_info": {"\u533b\u9662": "\u5317\u4eac\u4eac\u90fd\u513f\u7ae5\u533b\u9662", "\u59d3\u540d": "\u90d1\u777f\u6c5f", "\u75c5\u4eba\u7c7b\u578b": "\u95e8\u8bca", "\u6807\u672c\u7c7b\u578b": "\u5168\u8840", "\u5361\u53f7": "20150100107944", "\u5e74\u9f84": "3\u5c81", "\u68c0\u67e5\u65e5\u671f": "2020/12/20", "\u79d1\u5ba4": "\u6025\u6027\u5589\u708e"}, "speed_time": 3.67}}, "time": "2022-06-27 16:00:03"}
[I 220627 16:00:03 tr_run:158] {"ip": "8.142.14.63:5017", "return": {"code": 200, "msg": "\u6210\u529f", "data": {"raw_out": {"\u7ea2\u7ec6\u80de\u6570": {"Value": 4.3}, "\u8840\u7ea2\u86cb\u767d": {"Value": 137.0, "Lvalue": 110.0, "Hvalue": 190.0, "Level": "E"}, "\u767d\u7ec6\u80de\u6570": {"Value": 12.5, "Lvalue": 4.0, "Hvalue": 12.0, "Level": "H"}, "\u4e2d\u6027\u7c92\u7ec6\u80de\u767e\u5206\u6bd4": {"Value": 53.2, "Lvalue": 35.0, "Hvalue": 65.0, "Level": "E"}, "\u6dcb\u5df4\u7ec6\u80de\u767e\u5206\u6bd4": {"Value": 37.0, "Lvalue": 23.0, "Hvalue": 53.0, "Level": "E"}}, "person_info": {"\u533b\u9662": "\u5317\u4eac\u4eac\u90fd\u513f\u7ae5\u533b\u9662", "\u59d3\u540d": "\u90d1\u777f\u6c5f", "\u75c5\u4eba\u7c7b\u578b": "\u95e8\u8bca", "\u6807\u672c\u7c7b\u578b": "\u5168\u8840", "\u5361\u53f7": "20150100107944", "\u5e74\u9f84": "3\u5c81", "\u68c0\u67e5\u65e5\u671f": "2020/12/20", "\u79d1\u5ba4": "\u6025\u6027\u5589\u708e"}, "speed_time": 3.67}}, "time": "2022-06-27 16:00:03"}
[I 220627 16:00:03 web:2239] 200 POST /api/tr-run/ (8.142.14.63) 3689.51ms
['北京京都儿童医院检验报告单', '费别:学生儿童', '姓名:郑睿江', '病人类型:门诊', '送检医生:邸罕珍', '标本类型:全血', '性别:', '卡', '号:20150100107944', '床', '号:', '检验仪器:XS500I-2', '男', '351', '年龄:3岁', '诊', '2017/10/30生', '科', '室:急诊科', '断:急性喉炎', '样本号:', '代号', '项目名称', '结果', '参考值', '单位', '代号', '项目名称', '结果', '参考值', '单位', 'CRP', 'C反应蛋白', '<0.499', '0~10', 'mg/L', '14', '*RBC', '红细胞', '4.3', '4.01 5.5', '10^12/L', '1', 'CRPH', '超敏C反应蛋白', '<0.499', '010', 'mg/L', '15', '*HGB', '血红蛋白', '137', '110~190', 'g/L', '2', '*WBC', '白细胞', '12.50 1', '4~12', '10^9/L', '16', '*HCT', '红细胞压积', '35.20', '30~50', '%', '3', 'NEU', '中性粒细胞', '6.65', '1.4 6.5', '10^9/L', '17', 'MCV', '平均红细胞体积', '81.5', '80~100', '4', '淋巴细胞数', 'fL', '0.925.3', '10^9/L', '18', 'MCH', '平均血红蛋白含量', '31.7', 'Pg', '5', 'LYM', '4.62', 'MONO', '单核细胞数', 'f27~31', '0.29 0.95', '10^9/L', '19', 'MCHC', '平均血红蛋白浓度', '389', '6', '1.03', 'f 310~350', 'g/L', '7', 'EO#', '嗜酸粒细胞数', '0.18', '0.03 0.59', '10^9/L', '20', 'RDW_SD', '红细胞体积分布宽度SD', '37.20', '37.1~45.7', 'fL', '%', '8', 'BASO#', '嗜碱粒细胞数', '0.02', '0~0.1', '10^9/L', '21', 'RDW-CV', '红细胞体积分布宽度CV 12.80', '12~13.6', 'NEU%', '中性粒细胞%', '53.20', '35~65', '%', '22', '*PLT', '血小板计数', '216', '100~300', '10^9/L', '9', '10LYM%', '淋巴细胞%', '37.00', '23~53', '%', '23', 'PDW', '血小板体积分布宽度', '11', '10.3', '10.1 16.1', 'fL', 'MONO%', '5.2~15.2', '12 EO%', '24', 'MPV', '平均血小板体积', '9.8', '9.3~12.1', 'fL', '单核细胞%', '8.20', '%', '嗜酸性粒细胞比率1.40', '0.67.6', '%', '25', 'P-LCR', '大血小板比率', '22.30', '18.542.3', '%', 'BASO%', '嗜碱性粒细胞比率0.20', '血小板比积', '0.21', '0.17~0.32', '%', '0.1~1.2', '%', '26', 'PCT', '13', '备注:', 'WBC', 'PLT', '报告时间:2020/12/20 22:33', '春立|既菁', '夏揪者秀姹悉', '采样时间:2020/12/20 22:24:', '接收时间:2020/12/20 22:27', '声明:此检验报告仅对该送检标本负责!*项目代表京津冀鲁临床检验结果互认项目', '匠院她址北京市昌平区回龙观东大街308号院1,', '联系电话;', '010-69787777-7912']
False
红细胞
4.3
血红蛋白
137
110~190
['110', '190']
白细胞
12.50 1
object
4~12
['4', '12']
中性粒细胞%
53.20
35~65
['35', '65']
淋巴细胞%
37.00
23~53
['23', '53']
194
194
{'红细胞数': {'Value': 4.3}, '血红蛋白': {'Value': 137.0, 'Lvalue': 110.0, 'Hvalue': 190.0, 'Level': 'E'}, '白细胞数': {'Value': 12.5, 'Lvalue': 4.0, 'Hvalue': 12.0, 'Level': 'H'}, '中性粒细胞百分比': {'Value': 53.2, 'Lvalue': 35.0, 'Hvalue': 65.0, 'Level': 'E'}, '淋巴细胞百分比': {'Value': 37.0, 'Lvalue': 23.0, 'Hvalue': 53.0, 'Level': 'E'}}
221
194
['北京京都儿童医院检验报告单', '费别:学生儿童', '姓名:郑睿江', '病人类型:门诊', '送检医生:邸罕珍', '标本类型:全血', '性别:', '卡', '号:20150100107944', '床', '号:', '检验仪器:XS500I-2', '男', '351', '年龄:3岁', '诊', '2017/10/30生', '科', '室:急诊科', '断:急性喉炎', '样本号:', '代号', '项目名称', '结果', '参考值', '单位', '代号', '项目名称', '结果', '参考值', '单位', 'CRP', 'C反应蛋白', '<0.499', '0~10', 'mg/L', '14', '*RBC', '红细胞', '4.3', '4.01 5.5', '10^12/L', '1', 'CRPH', '超敏C反应蛋白', '<0.499', '010', 'mg/L', '15', '*HGB', '血红蛋白', '137', '110~190', 'g/L', '2', '*WBC', '白细胞', '12.50 1', '4~12', '10^9/L', '16', '*HCT', '红细胞压积', '35.20', '30~50', '%', '3', 'NEU', '中性粒细胞', '6.65', '1.4 6.5', '10^9/L', '17', 'MCV', '平均红细胞体积', '81.5', '80~100', '4', '淋巴细胞数', 'fL', '0.925.3', '10^9/L', '18', 'MCH', '平均血红蛋白含量', '31.7', 'Pg', '5', 'LYM', '4.62', 'MONO', '单核细胞数', 'f27~31', '0.29 0.95', '10^9/L', '19', 'MCHC', '平均血红蛋白浓度', '389', '6', '1.03', 'f 310~350', 'g/L', '7', 'EO#', '嗜酸粒细胞数', '0.18', '0.03 0.59', '10^9/L', '20', 'RDW_SD', '红细胞体积分布宽度SD', '37.20', '37.1~45.7', 'fL', '%', '8', 'BASO#', '嗜碱粒细胞数', '0.02', '0~0.1', '10^9/L', '21', 'RDW-CV', '红细胞体积分布宽度CV 12.80', '12~13.6', 'NEU%', '中性粒细胞%', '53.20', '35~65', '%', '22', '*PLT', '血小板计数', '216', '100~300', '10^9/L', '9', '10LYM%', '淋巴细胞%', '37.00', '23~53', '%', '23', 'PDW', '血小板体积分布宽度', '11', '10.3', '10.1 16.1', 'fL', 'MONO%', '5.2~15.2', '12 EO%', '24', 'MPV', '平均血小板体积', '9.8', '9.3~12.1', 'fL', '单核细胞%', '8.20', '%', '嗜酸性粒细胞比率1.40', '0.67.6', '%', '25', 'P-LCR', '大血小板比率', '22.30', '18.542.3', '%', 'BASO%', '嗜碱性粒细胞比率0.20', '血小板比积', '0.21', '0.17~0.32', '%', '0.1~1.2', '%', '26', 'PCT', '13', '备注:', 'WBC', 'PLT', '报告时间:2020/12/20 22:33', '春立|既菁', '夏揪者秀姹悉', '采样时间:2020/12/20 22:24:', '接收时间:2020/12/20 22:27', '声明:此检验报告仅对该送检标本负责!*项目代表京津冀鲁临床检验结果互认项目', '匠院她址北京市昌平区回龙观东大街308号院1,', '联系电话;', '010-69787777-7912']
False
红细胞
4.3
血红蛋白
137
110~190
['110', '190']
白细胞
12.50 1
object
4~12
['4', '12']
中性粒细胞%
53.20
35~65
['35', '65']
淋巴细胞%
37.00
23~53
['23', '53']
194
194
{'红细胞数': {'Value': 4.3}, '血红蛋白': {'Value': 137.0, 'Lvalue': 110.0, 'Hvalue': 190.0, 'Level': 'E'}, '白细胞数': {'Value': 12.5, 'Lvalue': 4.0, 'Hvalue': 12.0, 'Level': 'H'}, '中性粒细胞百分比': {'Value': 53.2, 'Lvalue': 35.0, 'Hvalue': 65.0, 'Level': 'E'}, '淋巴细胞百分比': {'Value': 37.0, 'Lvalue': 23.0, 'Hvalue': 53.0, 'Level': 'E'}}
221
199
2022/06/27 16:11:51 - TrWebOCRLog.backend.webInterface.tr_run - [INFO] | {"ip": "8.142.14.63:5017", "return": {"code": 200, "msg": "\u6210\u529f", "data": {"raw_out": {"\u8840\u7ea2\u86cb\u767d": {"Value": 112.0, "Lvalue": 110.0, "Hvalue": 190.0, "Level": "E"}, "\u767d\u7ec6\u80de\u6570": {"Value": 7.64, "Lvalue": 4.0, "Hvalue": 12.0, "Level": "E"}, "\u4e2d\u6027\u7c92\u7ec6\u80de\u767e\u5206\u6bd4": {"Value": 30.1, "Lvalue": 18.0, "Hvalue": 46.0, "Level": "E"}, "\u6dcb\u5df4\u7ec6\u80de\u767e\u5206\u6bd4": {"Value": 53.5, "Lvalue": 37.0, "Hvalue": 78.0, "Level": "E"}, "\u7ea2\u7ec6\u80de\u6570": {"Value": 4.3, "Lvalue": 4.01, "Hvalue": 5.5, "Level": "E"}}, "person_info": {"\u533b\u9662": "\u5317\u4eac\u4eac\u90fd\u513f\u7ae5\u533b\u9662", "\u59d3\u540d": "\u90d1\u777f\u6d77", "\u75c5\u4eba\u7c7b\u578b": "\u95e8\u8bca", "\u6807\u672c\u7c7b\u578b": "\u5168\u8840", "\u6027\u522b": "\u7537", "\u5361\u53f7": "20190100026755", "\u5e74\u9f84": "7\u670826\u5929", "\u68c0\u67e5\u65e5\u671f": "2020/12/26", "\u79d1\u5ba4": "\u611f\u67d3\u79d1\u95e8\u8bca", "\u8bca\u65ad": "\u6025\u6027\u54bd\u5589\u708e"}, "speed_time": 4.23}}, "time": "2022-06-27 16:11:51"}
[I 220627 16:11:51 tr_run:158] {"ip": "8.142.14.63:5017", "return": {"code": 200, "msg": "\u6210\u529f", "data": {"raw_out": {"\u8840\u7ea2\u86cb\u767d": {"Value": 112.0, "Lvalue": 110.0, "Hvalue": 190.0, "Level": "E"}, "\u767d\u7ec6\u80de\u6570": {"Value": 7.64, "Lvalue": 4.0, "Hvalue": 12.0, "Level": "E"}, "\u4e2d\u6027\u7c92\u7ec6\u80de\u767e\u5206\u6bd4": {"Value": 30.1, "Lvalue": 18.0, "Hvalue": 46.0, "Level": "E"}, "\u6dcb\u5df4\u7ec6\u80de\u767e\u5206\u6bd4": {"Value": 53.5, "Lvalue": 37.0, "Hvalue": 78.0, "Level": "E"}, "\u7ea2\u7ec6\u80de\u6570": {"Value": 4.3, "Lvalue": 4.01, "Hvalue": 5.5, "Level": "E"}}, "person_info": {"\u533b\u9662": "\u5317\u4eac\u4eac\u90fd\u513f\u7ae5\u533b\u9662", "\u59d3\u540d": "\u90d1\u777f\u6d77", "\u75c5\u4eba\u7c7b\u578b": "\u95e8\u8bca", "\u6807\u672c\u7c7b\u578b": "\u5168\u8840", "\u6027\u522b": "\u7537", "\u5361\u53f7": "20190100026755", "\u5e74\u9f84": "7\u670826\u5929", "\u68c0\u67e5\u65e5\u671f": "2020/12/26", "\u79d1\u5ba4": "\u611f\u67d3\u79d1\u95e8\u8bca", "\u8bca\u65ad": "\u6025\u6027\u54bd\u5589\u708e"}, "speed_time": 4.23}}, "time": "2022-06-27 16:11:51"}
[I 220627 16:11:51 web:2239] 200 POST /api/tr-run/ (8.142.14.63) 4562.29ms
2022/06/27 16:12:33 - TrWebOCRLog.backend.webInterface.tr_run - [INFO] | {"ip": "8.142.14.63:5017", "return": {"code": 200, "msg": "\u6210\u529f", "data": {"raw_out": {"\u8840\u7ea2\u86cb\u767d": {"Value": 112.0, "Lvalue": 110.0, "Hvalue": 190.0, "Level": "E"}, "\u767d\u7ec6\u80de\u6570": {"Value": 7.64, "Lvalue": 4.0, "Hvalue": 12.0, "Level": "E"}, "\u4e2d\u6027\u7c92\u7ec6\u80de\u767e\u5206\u6bd4": {"Value": 30.1, "Lvalue": 18.0, "Hvalue": 46.0, "Level": "E"}, "\u6dcb\u5df4\u7ec6\u80de\u767e\u5206\u6bd4": {"Value": 53.5, "Lvalue": 37.0, "Hvalue": 78.0, "Level": "E"}, "\u7ea2\u7ec6\u80de\u6570": {"Value": 4.3, "Lvalue": 4.01, "Hvalue": 5.5, "Level": "E"}}, "person_info": {"\u533b\u9662": "\u5317\u4eac\u4eac\u90fd\u513f\u7ae5\u533b\u9662", "\u59d3\u540d": "\u90d1\u777f\u6d77", "\u75c5\u4eba\u7c7b\u578b": "\u95e8\u8bca", "\u6807\u672c\u7c7b\u578b": "\u5168\u8840", "\u6027\u522b": "\u7537", "\u5361\u53f7": "20190100026755", "\u5e74\u9f84": "7\u670826\u5929", "\u68c0\u67e5\u65e5\u671f": "2020/12/26", "\u79d1\u5ba4": "\u611f\u67d3\u79d1\u95e8\u8bca", "\u8bca\u65ad": "\u6025\u6027\u54bd\u5589\u708e"}, "speed_time": 4.19}}, "time": "2022-06-27 16:12:33"}
[I 220627 16:12:33 tr_run:158] {"ip": "8.142.14.63:5017", "return": {"code": 200, "msg": "\u6210\u529f", "data": {"raw_out": {"\u8840\u7ea2\u86cb\u767d": {"Value": 112.0, "Lvalue": 110.0, "Hvalue": 190.0, "Level": "E"}, "\u767d\u7ec6\u80de\u6570": {"Value": 7.64, "Lvalue": 4.0, "Hvalue": 12.0, "Level": "E"}, "\u4e2d\u6027\u7c92\u7ec6\u80de\u767e\u5206\u6bd4": {"Value": 30.1, "Lvalue": 18.0, "Hvalue": 46.0, "Level": "E"}, "\u6dcb\u5df4\u7ec6\u80de\u767e\u5206\u6bd4": {"Value": 53.5, "Lvalue": 37.0, "Hvalue": 78.0, "Level": "E"}, "\u7ea2\u7ec6\u80de\u6570": {"Value": 4.3, "Lvalue": 4.01, "Hvalue": 5.5, "Level": "E"}}, "person_info": {"\u533b\u9662": "\u5317\u4eac\u4eac\u90fd\u513f\u7ae5\u533b\u9662", "\u59d3\u540d": "\u90d1\u777f\u6d77", "\u75c5\u4eba\u7c7b\u578b": "\u95e8\u8bca", "\u6807\u672c\u7c7b\u578b": "\u5168\u8840", "\u6027\u522b": "\u7537", "\u5361\u53f7": "20190100026755", "\u5e74\u9f84": "7\u670826\u5929", "\u68c0\u67e5\u65e5\u671f": "2020/12/26", "\u79d1\u5ba4": "\u611f\u67d3\u79d1\u95e8\u8bca", "\u8bca\u65ad": "\u6025\u6027\u54bd\u5589\u708e"}, "speed_time": 4.19}}, "time": "2022-06-27 16:12:33"}
[I 220627 16:12:33 web:2239] 200 POST /api/tr-run/ (8.142.14.63) 4500.18ms
['北京京都儿童医院检验报告单', '费别:学生儿童', '姓名:郑睿海', '病人类型:门诊', '送检医生:张静', '标本类型:全血', '性别:', '男', '卡', '号:20190100026755', '床', '号:', '检验仪器:', 'XS500I-1', '年龄:7月26天', '||2020/4/30', '生', '科', '室:感染科门诊', '诊', '断:急性咽喉炎', '样本号:', '152', '项目名称', '结果', '参考值', '单位', '代号', '项目名称', '结果', '参考值', '单位', '代号', 'C-反应蛋白', '3.95', '0~10', 'mg/L', '15', '*HGB', '血红蛋白', '112', '110~190', 'g/L', '1', 'CRP|', '%', '2', 'CRPH', '超敏C反应蛋白', '3.61', '0~10', 'mg/L', '16', '*HCT', '红细胞压积', '34.30', '30~50', 'fL', '白细胞', '7.64', '4~12', '10^9/L', '17', 'MCV', '平均红细胞体积', '3', '*WBC', '79.2', 'l80~100', '平均血红蛋白含量', 'Pg', '10^9/L', '18', 'MCH', '4', 'NEU', '中性粒细胞', '2.30', '0.72~4.6', '25.9', 'l27~31', '5', 'LYM', '淋巴细胞数', '4.09', '1.48~7.8', '10^9/L', '19', 'MCHC', '平均血红蛋白浓度', '327', '310~350', 'g/L', 'MONO', '单核细胞数', '0.85', '0.29~0.95', 'RDW_SD', '红细胞体积分布宽度-SD', '36.80⊥37.1~45.7', 'fL', '10^9/L', '20', '6', '7', 'EO#', '嗜酸粒细胞数', '0.35', '0.03~0.59', '10^9/L', '21', 'RDW-CV', '红细胞体积分布宽度CV 12.90', '12~13.6', '%', '8', 'BASO#', '嗜碱粒细胞数', '0.05', '0~0.1', '10^9/L', '22', '*PLT', '血小板计数', '318', 'f100~300', '10^9/L', '9', 'NEU%', '中性粒细胞%', '30.10', '18~46', '%', '23', 'PDW', '10 LYM%', '血小板体积分布宽度', '10.1', '10.1~16.1', 'fL', '淋巴细胞%', '53.50', '37~78', '%', '24', 'MPV', '平均血小板体积', '9.5', '9.3~12.1', 'fL', 'MONO%', '单核细胞%', '5.2~15.2', 'P-LCR', '大血小板比率', '21.00', '18.5~42.3', '%', '11.10', '%', '25', '11', '12', 'EO%', '嗜酸性粒细胞比率4.60', '0.6~7.6', '%', '26', 'PCT', '血小板比积', '0.30', '0.17~0.32', '%', '13 BASO%', '嗜碱性粒细胞比率0.70', '0.1~1.2', '%', '27', 'MP-IgM', '肺炎支原体抗体(IgM)', '阴性', '阴性', '备洼*RBC', '红细胞', '4.3', '4.01~5.5', '10^12/L', 'PLT', 'RBC', 'WBC', 'DIFF', '采样时间:2020/12/26 19:25:', '接收时间:2020/12/26 19:27', '报告时间:2020/12/26 19:48:', '醺者秋A卡', '复核者:', '声明:此检验报告仅对该送检标本负责!*项目代表京津冀鲁临床检验结果互认项目', '纥', '医院地址:北京市昌平区回龙观东大街308号院1,联系电话:010-69787777-7912']
False
血红蛋白
112
110~190
['110', '190']
白细胞
7.64
4~12
['4', '12']
中性粒细胞%
30.10
18~46
['18', '46']
淋巴细胞%
53.50
37~78
['37', '78']
红细胞
4.3
4.01~5.5
['4.01', '5.5']
199
199
{'血红蛋白': {'Value': 112.0, 'Lvalue': 110.0, 'Hvalue': 190.0, 'Level': 'E'}, '白细胞数': {'Value': 7.64, 'Lvalue': 4.0, 'Hvalue': 12.0, 'Level': 'E'}, '中性粒细胞百分比': {'Value': 30.1, 'Lvalue': 18.0, 'Hvalue': 46.0, 'Level': 'E'}, '淋巴细胞百分比': {'Value': 53.5, 'Lvalue': 37.0, 'Hvalue': 78.0, 'Level': 'E'}, '红细胞数': {'Value': 4.3, 'Lvalue': 4.01, 'Hvalue': 5.5, 'Level': 'E'}}
221
199
['北京京都儿童医院检验报告单', '费别:学生儿童', '姓名:郑睿海', '病人类型:门诊', '送检医生:张静', '标本类型:全血', '性别:', '男', '卡', '号:20190100026755', '床', '号:', '检验仪器:', 'XS500I-1', '年龄:7月26天', '||2020/4/30', '生', '科', '室:感染科门诊', '诊', '断:急性咽喉炎', '样本号:', '152', '项目名称', '结果', '参考值', '单位', '代号', '项目名称', '结果', '参考值', '单位', '代号', 'C-反应蛋白', '3.95', '0~10', 'mg/L', '15', '*HGB', '血红蛋白', '112', '110~190', 'g/L', '1', 'CRP|', '%', '2', 'CRPH', '超敏C反应蛋白', '3.61', '0~10', 'mg/L', '16', '*HCT', '红细胞压积', '34.30', '30~50', 'fL', '白细胞', '7.64', '4~12', '10^9/L', '17', 'MCV', '平均红细胞体积', '3', '*WBC', '79.2', 'l80~100', '平均血红蛋白含量', 'Pg', '10^9/L', '18', 'MCH', '4', 'NEU', '中性粒细胞', '2.30', '0.72~4.6', '25.9', 'l27~31', '5', 'LYM', '淋巴细胞数', '4.09', '1.48~7.8', '10^9/L', '19', 'MCHC', '平均血红蛋白浓度', '327', '310~350', 'g/L', 'MONO', '单核细胞数', '0.85', '0.29~0.95', 'RDW_SD', '红细胞体积分布宽度-SD', '36.80⊥37.1~45.7', 'fL', '10^9/L', '20', '6', '7', 'EO#', '嗜酸粒细胞数', '0.35', '0.03~0.59', '10^9/L', '21', 'RDW-CV', '红细胞体积分布宽度CV 12.90', '12~13.6', '%', '8', 'BASO#', '嗜碱粒细胞数', '0.05', '0~0.1', '10^9/L', '22', '*PLT', '血小板计数', '318', 'f100~300', '10^9/L', '9', 'NEU%', '中性粒细胞%', '30.10', '18~46', '%', '23', 'PDW', '10 LYM%', '血小板体积分布宽度', '10.1', '10.1~16.1', 'fL', '淋巴细胞%', '53.50', '37~78', '%', '24', 'MPV', '平均血小板体积', '9.5', '9.3~12.1', 'fL', 'MONO%', '单核细胞%', '5.2~15.2', 'P-LCR', '大血小板比率', '21.00', '18.5~42.3', '%', '11.10', '%', '25', '11', '12', 'EO%', '嗜酸性粒细胞比率4.60', '0.6~7.6', '%', '26', 'PCT', '血小板比积', '0.30', '0.17~0.32', '%', '13 BASO%', '嗜碱性粒细胞比率0.70', '0.1~1.2', '%', '27', 'MP-IgM', '肺炎支原体抗体(IgM)', '阴性', '阴性', '备洼*RBC', '红细胞', '4.3', '4.01~5.5', '10^12/L', 'PLT', 'RBC', 'WBC', 'DIFF', '采样时间:2020/12/26 19:25:', '接收时间:2020/12/26 19:27', '报告时间:2020/12/26 19:48:', '醺者秋A卡', '复核者:', '声明:此检验报告仅对该送检标本负责!*项目代表京津冀鲁临床检验结果互认项目', '纥', '医院地址:北京市昌平区回龙观东大街308号院1,联系电话:010-69787777-7912']
False
血红蛋白
112
110~190
['110', '190']
白细胞
7.64
4~12
['4', '12']
中性粒细胞%
30.10
18~46
['18', '46']
淋巴细胞%
53.50
37~78
['37', '78']
红细胞
4.3
4.01~5.5
['4.01', '5.5']
199
199
{'血红蛋白': {'Value': 112.0, 'Lvalue': 110.0, 'Hvalue': 190.0, 'Level': 'E'}, '白细胞数': {'Value': 7.64, 'Lvalue': 4.0, 'Hvalue': 12.0, 'Level': 'E'}, '中性粒细胞百分比': {'Value': 30.1, 'Lvalue': 18.0, 'Hvalue': 46.0, 'Level': 'E'}, '淋巴细胞百分比': {'Value': 53.5, 'Lvalue': 37.0, 'Hvalue': 78.0, 'Level': 'E'}, '红细胞数': {'Value': 4.3, 'Lvalue': 4.01, 'Hvalue': 5.5, 'Level': 'E'}}
221
199
2022/06/27 16:12:43 - TrWebOCRLog.backend.webInterface.tr_run - [INFO] | {"ip": "8.142.14.63:5017", "return": {"code": 200, "msg": "\u6210\u529f", "data": {"raw_out": {"\u8840\u7ea2\u86cb\u767d": {"Value": 112.0, "Lvalue": 110.0, "Hvalue": 190.0, "Level": "E"}, "\u767d\u7ec6\u80de\u6570": {"Value": 7.64, "Lvalue": 4.0, "Hvalue": 12.0, "Level": "E"}, "\u4e2d\u6027\u7c92\u7ec6\u80de\u767e\u5206\u6bd4": {"Value": 30.1, "Lvalue": 18.0, "Hvalue": 46.0, "Level": "E"}, "\u6dcb\u5df4\u7ec6\u80de\u767e\u5206\u6bd4": {"Value": 53.5, "Lvalue": 37.0, "Hvalue": 78.0, "Level": "E"}, "\u7ea2\u7ec6\u80de\u6570": {"Value": 4.3, "Lvalue": 4.01, "Hvalue": 5.5, "Level": "E"}}, "person_info": {"\u533b\u9662": "\u5317\u4eac\u4eac\u90fd\u513f\u7ae5\u533b\u9662", "\u59d3\u540d": "\u90d1\u777f\u6d77", "\u75c5\u4eba\u7c7b\u578b": "\u95e8\u8bca", "\u6807\u672c\u7c7b\u578b": "\u5168\u8840", "\u6027\u522b": "\u7537", "\u5361\u53f7": "20190100026755", "\u5e74\u9f84": "7\u670826\u5929", "\u68c0\u67e5\u65e5\u671f": "2020/12/26", "\u79d1\u5ba4": "\u611f\u67d3\u79d1\u95e8\u8bca", "\u8bca\u65ad": "\u6025\u6027\u54bd\u5589\u708e"}, "speed_time": 4.31}}, "time": "2022-06-27 16:12:43"}
[I 220627 16:12:43 tr_run:158] {"ip": "8.142.14.63:5017", "return": {"code": 200, "msg": "\u6210\u529f", "data": {"raw_out": {"\u8840\u7ea2\u86cb\u767d": {"Value": 112.0, "Lvalue": 110.0, "Hvalue": 190.0, "Level": "E"}, "\u767d\u7ec6\u80de\u6570": {"Value": 7.64, "Lvalue": 4.0, "Hvalue": 12.0, "Level": "E"}, "\u4e2d\u6027\u7c92\u7ec6\u80de\u767e\u5206\u6bd4": {"Value": 30.1, "Lvalue": 18.0, "Hvalue": 46.0, "Level": "E"}, "\u6dcb\u5df4\u7ec6\u80de\u767e\u5206\u6bd4": {"Value": 53.5, "Lvalue": 37.0, "Hvalue": 78.0, "Level": "E"}, "\u7ea2\u7ec6\u80de\u6570": {"Value": 4.3, "Lvalue": 4.01, "Hvalue": 5.5, "Level": "E"}}, "person_info": {"\u533b\u9662": "\u5317\u4eac\u4eac\u90fd\u513f\u7ae5\u533b\u9662", "\u59d3\u540d": "\u90d1\u777f\u6d77", "\u75c5\u4eba\u7c7b\u578b": "\u95e8\u8bca", "\u6807\u672c\u7c7b\u578b": "\u5168\u8840", "\u6027\u522b": "\u7537", "\u5361\u53f7": "20190100026755", "\u5e74\u9f84": "7\u670826\u5929", "\u68c0\u67e5\u65e5\u671f": "2020/12/26", "\u79d1\u5ba4": "\u611f\u67d3\u79d1\u95e8\u8bca", "\u8bca\u65ad": "\u6025\u6027\u54bd\u5589\u708e"}, "speed_time": 4.31}}, "time": "2022-06-27 16:12:43"}
[I 220627 16:12:43 web:2239] 200 POST /api/tr-run/ (8.142.14.63) 4669.37ms
2022/06/27 16:13:02 - TrWebOCRLog.backend.webInterface.tr_run - [INFO] | {"ip": "8.142.14.63:5017", "return": {"code": 200, "msg": "\u6210\u529f", "data": {"raw_out": {"\u8840\u7ea2\u86cb\u767d": {"Value": 112.0, "Lvalue": 110.0, "Hvalue": 190.0, "Level": "E"}, "\u767d\u7ec6\u80de\u6570": {"Value": 7.64, "Lvalue": 4.0, "Hvalue": 12.0, "Level": "E"}, "\u4e2d\u6027\u7c92\u7ec6\u80de\u767e\u5206\u6bd4": {"Value": 30.1, "Lvalue": 18.0, "Hvalue": 46.0, "Level": "E"}, "\u6dcb\u5df4\u7ec6\u80de\u767e\u5206\u6bd4": {"Value": 53.5, "Lvalue": 37.0, "Hvalue": 78.0, "Level": "E"}, "\u7ea2\u7ec6\u80de\u6570": {"Value": 4.3, "Lvalue": 4.01, "Hvalue": 5.5, "Level": "E"}}, "person_info": {"\u533b\u9662": "\u5317\u4eac\u4eac\u90fd\u513f\u7ae5\u533b\u9662", "\u59d3\u540d": "\u90d1\u777f\u6d77", "\u75c5\u4eba\u7c7b\u578b": "\u95e8\u8bca", "\u6807\u672c\u7c7b\u578b": "\u5168\u8840", "\u6027\u522b": "\u7537", "\u5361\u53f7": "20190100026755", "\u5e74\u9f84": "7\u670826\u5929", "\u68c0\u67e5\u65e5\u671f": "2020/12/26", "\u79d1\u5ba4": "\u611f\u67d3\u79d1\u95e8\u8bca", "\u8bca\u65ad": "\u6025\u6027\u54bd\u5589\u708e"}, "speed_time": 4.26}}, "time": "2022-06-27 16:13:02"}
[I 220627 16:13:02 tr_run:158] {"ip": "8.142.14.63:5017", "return": {"code": 200, "msg": "\u6210\u529f", "data": {"raw_out": {"\u8840\u7ea2\u86cb\u767d": {"Value": 112.0, "Lvalue": 110.0, "Hvalue": 190.0, "Level": "E"}, "\u767d\u7ec6\u80de\u6570": {"Value": 7.64, "Lvalue": 4.0, "Hvalue": 12.0, "Level": "E"}, "\u4e2d\u6027\u7c92\u7ec6\u80de\u767e\u5206\u6bd4": {"Value": 30.1, "Lvalue": 18.0, "Hvalue": 46.0, "Level": "E"}, "\u6dcb\u5df4\u7ec6\u80de\u767e\u5206\u6bd4": {"Value": 53.5, "Lvalue": 37.0, "Hvalue": 78.0, "Level": "E"}, "\u7ea2\u7ec6\u80de\u6570": {"Value": 4.3, "Lvalue": 4.01, "Hvalue": 5.5, "Level": "E"}}, "person_info": {"\u533b\u9662": "\u5317\u4eac\u4eac\u90fd\u513f\u7ae5\u533b\u9662", "\u59d3\u540d": "\u90d1\u777f\u6d77", "\u75c5\u4eba\u7c7b\u578b": "\u95e8\u8bca", "\u6807\u672c\u7c7b\u578b": "\u5168\u8840", "\u6027\u522b": "\u7537", "\u5361\u53f7": "20190100026755", "\u5e74\u9f84": "7\u670826\u5929", "\u68c0\u67e5\u65e5\u671f": "2020/12/26", "\u79d1\u5ba4": "\u611f\u67d3\u79d1\u95e8\u8bca", "\u8bca\u65ad": "\u6025\u6027\u54bd\u5589\u708e"}, "speed_time": 4.26}}, "time": "2022-06-27 16:13:02"}
[I 220627 16:13:02 web:2239] 200 POST /api/tr-run/ (8.142.14.63) 4596.24ms
['北京京都儿童医院检验报告单', '费别:学生儿童', '姓名:郑睿海', '病人类型:门诊', '送检医生:张静', '标本类型:全血', '性别:', '男', '卡', '号:20190100026755', '床', '号:', '检验仪器:', 'XS500I-1', '年龄:7月26天', '||2020/4/30', '生', '科', '室:感染科门诊', '诊', '断:急性咽喉炎', '样本号:', '152', '项目名称', '结果', '参考值', '单位', '代号', '项目名称', '结果', '参考值', '单位', '代号', 'C-反应蛋白', '3.95', '0~10', 'mg/L', '15', '*HGB', '血红蛋白', '112', '110~190', 'g/L', '1', 'CRP|', '%', '2', 'CRPH', '超敏C反应蛋白', '3.61', '0~10', 'mg/L', '16', '*HCT', '红细胞压积', '34.30', '30~50', 'fL', '白细胞', '7.64', '4~12', '10^9/L', '17', 'MCV', '平均红细胞体积', '3', '*WBC', '79.2', 'l80~100', '平均血红蛋白含量', 'Pg', '10^9/L', '18', 'MCH', '4', 'NEU', '中性粒细胞', '2.30', '0.72~4.6', '25.9', 'l27~31', '5', 'LYM', '淋巴细胞数', '4.09', '1.48~7.8', '10^9/L', '19', 'MCHC', '平均血红蛋白浓度', '327', '310~350', 'g/L', 'MONO', '单核细胞数', '0.85', '0.29~0.95', 'RDW_SD', '红细胞体积分布宽度-SD', '36.80⊥37.1~45.7', 'fL', '10^9/L', '20', '6', '7', 'EO#', '嗜酸粒细胞数', '0.35', '0.03~0.59', '10^9/L', '21', 'RDW-CV', '红细胞体积分布宽度CV 12.90', '12~13.6', '%', '8', 'BASO#', '嗜碱粒细胞数', '0.05', '0~0.1', '10^9/L', '22', '*PLT', '血小板计数', '318', 'f100~300', '10^9/L', '9', 'NEU%', '中性粒细胞%', '30.10', '18~46', '%', '23', 'PDW', '10 LYM%', '血小板体积分布宽度', '10.1', '10.1~16.1', 'fL', '淋巴细胞%', '53.50', '37~78', '%', '24', 'MPV', '平均血小板体积', '9.5', '9.3~12.1', 'fL', 'MONO%', '单核细胞%', '5.2~15.2', 'P-LCR', '大血小板比率', '21.00', '18.5~42.3', '%', '11.10', '%', '25', '11', '12', 'EO%', '嗜酸性粒细胞比率4.60', '0.6~7.6', '%', '26', 'PCT', '血小板比积', '0.30', '0.17~0.32', '%', '13 BASO%', '嗜碱性粒细胞比率0.70', '0.1~1.2', '%', '27', 'MP-IgM', '肺炎支原体抗体(IgM)', '阴性', '阴性', '备洼*RBC', '红细胞', '4.3', '4.01~5.5', '10^12/L', 'PLT', 'RBC', 'WBC', 'DIFF', '采样时间:2020/12/26 19:25:', '接收时间:2020/12/26 19:27', '报告时间:2020/12/26 19:48:', '醺者秋A卡', '复核者:', '声明:此检验报告仅对该送检标本负责!*项目代表京津冀鲁临床检验结果互认项目', '纥', '医院地址:北京市昌平区回龙观东大街308号院1,联系电话:010-69787777-7912']
False
血红蛋白
112
110~190
['110', '190']
白细胞
7.64
4~12
['4', '12']
中性粒细胞%
30.10
18~46
['18', '46']
淋巴细胞%
53.50
37~78
['37', '78']
红细胞
4.3
4.01~5.5
['4.01', '5.5']
199
199
{'血红蛋白': {'Value': 112.0, 'Lvalue': 110.0, 'Hvalue': 190.0, 'Level': 'E'}, '白细胞数': {'Value': 7.64, 'Lvalue': 4.0, 'Hvalue': 12.0, 'Level': 'E'}, '中性粒细胞百分比': {'Value': 30.1, 'Lvalue': 18.0, 'Hvalue': 46.0, 'Level': 'E'}, '淋巴细胞百分比': {'Value': 53.5, 'Lvalue': 37.0, 'Hvalue': 78.0, 'Level': 'E'}, '红细胞数': {'Value': 4.3, 'Lvalue': 4.01, 'Hvalue': 5.5, 'Level': 'E'}}
221
199
['北京京都儿童医院检验报告单', '费别:学生儿童', '姓名:郑睿海', '病人类型:门诊', '送检医生:张静', '标本类型:全血', '性别:', '男', '卡', '号:20190100026755', '床', '号:', '检验仪器:', 'XS500I-1', '年龄:7月26天', '||2020/4/30', '生', '科', '室:感染科门诊', '诊', '断:急性咽喉炎', '样本号:', '152', '项目名称', '结果', '参考值', '单位', '代号', '项目名称', '结果', '参考值', '单位', '代号', 'C-反应蛋白', '3.95', '0~10', 'mg/L', '15', '*HGB', '血红蛋白', '112', '110~190', 'g/L', '1', 'CRP|', '%', '2', 'CRPH', '超敏C反应蛋白', '3.61', '0~10', 'mg/L', '16', '*HCT', '红细胞压积', '34.30', '30~50', 'fL', '白细胞', '7.64', '4~12', '10^9/L', '17', 'MCV', '平均红细胞体积', '3', '*WBC', '79.2', 'l80~100', '平均血红蛋白含量', 'Pg', '10^9/L', '18', 'MCH', '4', 'NEU', '中性粒细胞', '2.30', '0.72~4.6', '25.9', 'l27~31', '5', 'LYM', '淋巴细胞数', '4.09', '1.48~7.8', '10^9/L', '19', 'MCHC', '平均血红蛋白浓度', '327', '310~350', 'g/L', 'MONO', '单核细胞数', '0.85', '0.29~0.95', 'RDW_SD', '红细胞体积分布宽度-SD', '36.80⊥37.1~45.7', 'fL', '10^9/L', '20', '6', '7', 'EO#', '嗜酸粒细胞数', '0.35', '0.03~0.59', '10^9/L', '21', 'RDW-CV', '红细胞体积分布宽度CV 12.90', '12~13.6', '%', '8', 'BASO#', '嗜碱粒细胞数', '0.05', '0~0.1', '10^9/L', '22', '*PLT', '血小板计数', '318', 'f100~300', '10^9/L', '9', 'NEU%', '中性粒细胞%', '30.10', '18~46', '%', '23', 'PDW', '10 LYM%', '血小板体积分布宽度', '10.1', '10.1~16.1', 'fL', '淋巴细胞%', '53.50', '37~78', '%', '24', 'MPV', '平均血小板体积', '9.5', '9.3~12.1', 'fL', 'MONO%', '单核细胞%', '5.2~15.2', 'P-LCR', '大血小板比率', '21.00', '18.5~42.3', '%', '11.10', '%', '25', '11', '12', 'EO%', '嗜酸性粒细胞比率4.60', '0.6~7.6', '%', '26', 'PCT', '血小板比积', '0.30', '0.17~0.32', '%', '13 BASO%', '嗜碱性粒细胞比率0.70', '0.1~1.2', '%', '27', 'MP-IgM', '肺炎支原体抗体(IgM)', '阴性', '阴性', '备洼*RBC', '红细胞', '4.3', '4.01~5.5', '10^12/L', 'PLT', 'RBC', 'WBC', 'DIFF', '采样时间:2020/12/26 19:25:', '接收时间:2020/12/26 19:27', '报告时间:2020/12/26 19:48:', '醺者秋A卡', '复核者:', '声明:此检验报告仅对该送检标本负责!*项目代表京津冀鲁临床检验结果互认项目', '纥', '医院地址:北京市昌平区回龙观东大街308号院1,联系电话:010-69787777-7912']
False
血红蛋白
112
110~190
['110', '190']
白细胞
7.64
4~12
['4', '12']
中性粒细胞%
30.10
18~46
['18', '46']
淋巴细胞%
53.50
37~78
['37', '78']
红细胞
4.3
4.01~5.5
['4.01', '5.5']
199
199
{'血红蛋白': {'Value': 112.0, 'Lvalue': 110.0, 'Hvalue': 190.0, 'Level': 'E'}, '白细胞数': {'Value': 7.64, 'Lvalue': 4.0, 'Hvalue': 12.0, 'Level': 'E'}, '中性粒细胞百分比': {'Value': 30.1, 'Lvalue': 18.0, 'Hvalue': 46.0, 'Level': 'E'}, '淋巴细胞百分比': {'Value': 53.5, 'Lvalue': 37.0, 'Hvalue': 78.0, 'Level': 'E'}, '红细胞数': {'Value': 4.3, 'Lvalue': 4.01, 'Hvalue': 5.5, 'Level': 'E'}}
221
199
2022/06/27 16:13:13 - TrWebOCRLog.backend.webInterface.tr_run - [INFO] | {"ip": "8.142.14.63:5017", "return": {"code": 200, "msg": "\u6210\u529f", "data": {"raw_out": {"\u8840\u7ea2\u86cb\u767d": {"Value": 112.0, "Lvalue": 110.0, "Hvalue": 190.0, "Level": "E"}, "\u767d\u7ec6\u80de\u6570": {"Value": 7.64, "Lvalue": 4.0, "Hvalue": 12.0, "Level": "E"}, "\u4e2d\u6027\u7c92\u7ec6\u80de\u767e\u5206\u6bd4": {"Value": 30.1, "Lvalue": 18.0, "Hvalue": 46.0, "Level": "E"}, "\u6dcb\u5df4\u7ec6\u80de\u767e\u5206\u6bd4": {"Value": 53.5, "Lvalue": 37.0, "Hvalue": 78.0, "Level": "E"}, "\u7ea2\u7ec6\u80de\u6570": {"Value": 4.3, "Lvalue": 4.01, "Hvalue": 5.5, "Level": "E"}}, "person_info": {"\u533b\u9662": "\u5317\u4eac\u4eac\u90fd\u513f\u7ae5\u533b\u9662", "\u59d3\u540d": "\u90d1\u777f\u6d77", "\u75c5\u4eba\u7c7b\u578b": "\u95e8\u8bca", "\u6807\u672c\u7c7b\u578b": "\u5168\u8840", "\u6027\u522b": "\u7537", "\u5361\u53f7": "20190100026755", "\u5e74\u9f84": "7\u670826\u5929", "\u68c0\u67e5\u65e5\u671f": "2020/12/26", "\u79d1\u5ba4": "\u611f\u67d3\u79d1\u95e8\u8bca", "\u8bca\u65ad": "\u6025\u6027\u54bd\u5589\u708e"}, "speed_time": 4.16}}, "time": "2022-06-27 16:13:13"}
[I 220627 16:13:13 tr_run:158] {"ip": "8.142.14.63:5017", "return": {"code": 200, "msg": "\u6210\u529f", "data": {"raw_out": {"\u8840\u7ea2\u86cb\u767d": {"Value": 112.0, "Lvalue": 110.0, "Hvalue": 190.0, "Level": "E"}, "\u767d\u7ec6\u80de\u6570": {"Value": 7.64, "Lvalue": 4.0, "Hvalue": 12.0, "Level": "E"}, "\u4e2d\u6027\u7c92\u7ec6\u80de\u767e\u5206\u6bd4": {"Value": 30.1, "Lvalue": 18.0, "Hvalue": 46.0, "Level": "E"}, "\u6dcb\u5df4\u7ec6\u80de\u767e\u5206\u6bd4": {"Value": 53.5, "Lvalue": 37.0, "Hvalue": 78.0, "Level": "E"}, "\u7ea2\u7ec6\u80de\u6570": {"Value": 4.3, "Lvalue": 4.01, "Hvalue": 5.5, "Level": "E"}}, "person_info": {"\u533b\u9662": "\u5317\u4eac\u4eac\u90fd\u513f\u7ae5\u533b\u9662", "\u59d3\u540d": "\u90d1\u777f\u6d77", "\u75c5\u4eba\u7c7b\u578b": "\u95e8\u8bca", "\u6807\u672c\u7c7b\u578b": "\u5168\u8840", "\u6027\u522b": "\u7537", "\u5361\u53f7": "20190100026755", "\u5e74\u9f84": "7\u670826\u5929", "\u68c0\u67e5\u65e5\u671f": "2020/12/26", "\u79d1\u5ba4": "\u611f\u67d3\u79d1\u95e8\u8bca", "\u8bca\u65ad": "\u6025\u6027\u54bd\u5589\u708e"}, "speed_time": 4.16}}, "time": "2022-06-27 16:13:13"}
[I 220627 16:13:13 web:2239] 200 POST /api/tr-run/ (8.142.14.63) 4472.66ms
2022/06/27 16:26:04 - TrWebOCRLog.backend.webInterface.tr_run - [INFO] | {"ip": "8.142.14.63:5017", "return": {"code": 200, "msg": "\u6210\u529f", "data": {"raw_out": {"\u8840\u7ea2\u86cb\u767d": {"Value": 112.0, "Lvalue": 110.0, "Hvalue": 190.0, "Level": "E"}, "\u767d\u7ec6\u80de\u6570": {"Value": 7.64, "Lvalue": 4.0, "Hvalue": 12.0, "Level": "E"}, "\u4e2d\u6027\u7c92\u7ec6\u80de\u767e\u5206\u6bd4": {"Value": 30.1, "Lvalue": 18.0, "Hvalue": 46.0, "Level": "E"}, "\u6dcb\u5df4\u7ec6\u80de\u767e\u5206\u6bd4": {"Value": 53.5, "Lvalue": 37.0, "Hvalue": 78.0, "Level": "E"}, "\u7ea2\u7ec6\u80de\u6570": {"Value": 4.3, "Lvalue": 4.01, "Hvalue": 5.5, "Level": "E"}}, "person_info": {"\u533b\u9662": "\u5317\u4eac\u4eac\u90fd\u513f\u7ae5\u533b\u9662", "\u59d3\u540d": "\u90d1\u777f\u6d77", "\u75c5\u4eba\u7c7b\u578b": "\u95e8\u8bca", "\u6807\u672c\u7c7b\u578b": "\u5168\u8840", "\u6027\u522b": "\u7537", "\u5361\u53f7": "20190100026755", "\u5e74\u9f84": "7\u670826\u5929", "\u68c0\u67e5\u65e5\u671f": "2020/12/26", "\u79d1\u5ba4": "\u611f\u67d3\u79d1\u95e8\u8bca", "\u8bca\u65ad": "\u6025\u6027\u54bd\u5589\u708e"}, "speed_time": 4.08}}, "time": "2022-06-27 16:26:04"}
[I 220627 16:26:04 tr_run:158] {"ip": "8.142.14.63:5017", "return": {"code": 200, "msg": "\u6210\u529f", "data": {"raw_out": {"\u8840\u7ea2\u86cb\u767d": {"Value": 112.0, "Lvalue": 110.0, "Hvalue": 190.0, "Level": "E"}, "\u767d\u7ec6\u80de\u6570": {"Value": 7.64, "Lvalue": 4.0, "Hvalue": 12.0, "Level": "E"}, "\u4e2d\u6027\u7c92\u7ec6\u80de\u767e\u5206\u6bd4": {"Value": 30.1, "Lvalue": 18.0, "Hvalue": 46.0, "Level": "E"}, "\u6dcb\u5df4\u7ec6\u80de\u767e\u5206\u6bd4": {"Value": 53.5, "Lvalue": 37.0, "Hvalue": 78.0, "Level": "E"}, "\u7ea2\u7ec6\u80de\u6570": {"Value": 4.3, "Lvalue": 4.01, "Hvalue": 5.5, "Level": "E"}}, "person_info": {"\u533b\u9662": "\u5317\u4eac\u4eac\u90fd\u513f\u7ae5\u533b\u9662", "\u59d3\u540d": "\u90d1\u777f\u6d77", "\u75c5\u4eba\u7c7b\u578b": "\u95e8\u8bca", "\u6807\u672c\u7c7b\u578b": "\u5168\u8840", "\u6027\u522b": "\u7537", "\u5361\u53f7": "20190100026755", "\u5e74\u9f84": "7\u670826\u5929", "\u68c0\u67e5\u65e5\u671f": "2020/12/26", "\u79d1\u5ba4": "\u611f\u67d3\u79d1\u95e8\u8bca", "\u8bca\u65ad": "\u6025\u6027\u54bd\u5589\u708e"}, "speed_time": 4.08}}, "time": "2022-06-27 16:26:04"}
[I 220627 16:26:04 web:2239] 200 POST /api/tr-run/ (8.142.14.63) 4598.02ms
[W 220627 16:31:42 web:2239] 404 GET /api/tr-run/ (8.142.14.63) 0.59ms
['北京京都儿童医院检验报告单', '费别:学生儿童', '姓名:郑睿海', '病人类型:门诊', '送检医生:张静', '标本类型:全血', '性别:', '男', '卡', '号:20190100026755', '床', '号:', '检验仪器:', 'XS500I-1', '年龄:7月26天', '||2020/4/30', '生', '科', '室:感染科门诊', '诊', '断:急性咽喉炎', '样本号:', '152', '项目名称', '结果', '参考值', '单位', '代号', '项目名称', '结果', '参考值', '单位', '代号', 'C-反应蛋白', '3.95', '0~10', 'mg/L', '15', '*HGB', '血红蛋白', '112', '110~190', 'g/L', '1', 'CRP|', '%', '2', 'CRPH', '超敏C反应蛋白', '3.61', '0~10', 'mg/L', '16', '*HCT', '红细胞压积', '34.30', '30~50', 'fL', '白细胞', '7.64', '4~12', '10^9/L', '17', 'MCV', '平均红细胞体积', '3', '*WBC', '79.2', 'l80~100', '平均血红蛋白含量', 'Pg', '10^9/L', '18', 'MCH', '4', 'NEU', '中性粒细胞', '2.30', '0.72~4.6', '25.9', 'l27~31', '5', 'LYM', '淋巴细胞数', '4.09', '1.48~7.8', '10^9/L', '19', 'MCHC', '平均血红蛋白浓度', '327', '310~350', 'g/L', 'MONO', '单核细胞数', '0.85', '0.29~0.95', 'RDW_SD', '红细胞体积分布宽度-SD', '36.80⊥37.1~45.7', 'fL', '10^9/L', '20', '6', '7', 'EO#', '嗜酸粒细胞数', '0.35', '0.03~0.59', '10^9/L', '21', 'RDW-CV', '红细胞体积分布宽度CV 12.90', '12~13.6', '%', '8', 'BASO#', '嗜碱粒细胞数', '0.05', '0~0.1', '10^9/L', '22', '*PLT', '血小板计数', '318', 'f100~300', '10^9/L', '9', 'NEU%', '中性粒细胞%', '30.10', '18~46', '%', '23', 'PDW', '10 LYM%', '血小板体积分布宽度', '10.1', '10.1~16.1', 'fL', '淋巴细胞%', '53.50', '37~78', '%', '24', 'MPV', '平均血小板体积', '9.5', '9.3~12.1', 'fL', 'MONO%', '单核细胞%', '5.2~15.2', 'P-LCR', '大血小板比率', '21.00', '18.5~42.3', '%', '11.10', '%', '25', '11', '12', 'EO%', '嗜酸性粒细胞比率4.60', '0.6~7.6', '%', '26', 'PCT', '血小板比积', '0.30', '0.17~0.32', '%', '13 BASO%', '嗜碱性粒细胞比率0.70', '0.1~1.2', '%', '27', 'MP-IgM', '肺炎支原体抗体(IgM)', '阴性', '阴性', '备洼*RBC', '红细胞', '4.3', '4.01~5.5', '10^12/L', 'PLT', 'RBC', 'WBC', 'DIFF', '采样时间:2020/12/26 19:25:', '接收时间:2020/12/26 19:27', '报告时间:2020/12/26 19:48:', '醺者秋A卡', '复核者:', '声明:此检验报告仅对该送检标本负责!*项目代表京津冀鲁临床检验结果互认项目', '纥', '医院地址:北京市昌平区回龙观东大街308号院1,联系电话:010-69787777-7912']
False
血红蛋白
112
110~190
['110', '190']
白细胞
7.64
4~12
['4', '12']
中性粒细胞%
30.10
18~46
['18', '46']
淋巴细胞%
53.50
37~78
['37', '78']
红细胞
4.3
4.01~5.5
['4.01', '5.5']
199
199
{'血红蛋白': {'Value': 112.0, 'Lvalue': 110.0, 'Hvalue': 190.0, 'Level': 'E'}, '白细胞数': {'Value': 7.64, 'Lvalue': 4.0, 'Hvalue': 12.0, 'Level': 'E'}, '中性粒细胞百分比': {'Value': 30.1, 'Lvalue': 18.0, 'Hvalue': 46.0, 'Level': 'E'}, '淋巴细胞百分比': {'Value': 53.5, 'Lvalue': 37.0, 'Hvalue': 78.0, 'Level': 'E'}, '红细胞数': {'Value': 4.3, 'Lvalue': 4.01, 'Hvalue': 5.5, 'Level': 'E'}}
221
199
['北京京都儿童医院检验报告单', '费别:学生儿童', '姓名:郑睿海', '病人类型:门诊', '送检医生:张静', '标本类型:全血', '性别:', '男', '卡', '号:20190100026755', '床', '号:', '检验仪器:', 'XS500I-1', '年龄:7月26天', '||2020/4/30', '生', '科', '室:感染科门诊', '诊', '断:急性咽喉炎', '样本号:', '152', '项目名称', '结果', '参考值', '单位', '代号', '项目名称', '结果', '参考值', '单位', '代号', 'C-反应蛋白', '3.95', '0~10', 'mg/L', '15', '*HGB', '血红蛋白', '112', '110~190', 'g/L', '1', 'CRP|', '%', '2', 'CRPH', '超敏C反应蛋白', '3.61', '0~10', 'mg/L', '16', '*HCT', '红细胞压积', '34.30', '30~50', 'fL', '白细胞', '7.64', '4~12', '10^9/L', '17', 'MCV', '平均红细胞体积', '3', '*WBC', '79.2', 'l80~100', '平均血红蛋白含量', 'Pg', '10^9/L', '18', 'MCH', '4', 'NEU', '中性粒细胞', '2.30', '0.72~4.6', '25.9', 'l27~31', '5', 'LYM', '淋巴细胞数', '4.09', '1.48~7.8', '10^9/L', '19', 'MCHC', '平均血红蛋白浓度', '327', '310~350', 'g/L', 'MONO', '单核细胞数', '0.85', '0.29~0.95', 'RDW_SD', '红细胞体积分布宽度-SD', '36.80⊥37.1~45.7', 'fL', '10^9/L', '20', '6', '7', 'EO#', '嗜酸粒细胞数', '0.35', '0.03~0.59', '10^9/L', '21', 'RDW-CV', '红细胞体积分布宽度CV 12.90', '12~13.6', '%', '8', 'BASO#', '嗜碱粒细胞数', '0.05', '0~0.1', '10^9/L', '22', '*PLT', '血小板计数', '318', 'f100~300', '10^9/L', '9', 'NEU%', '中性粒细胞%', '30.10', '18~46', '%', '23', 'PDW', '10 LYM%', '血小板体积分布宽度', '10.1', '10.1~16.1', 'fL', '淋巴细胞%', '53.50', '37~78', '%', '24', 'MPV', '平均血小板体积', '9.5', '9.3~12.1', 'fL', 'MONO%', '单核细胞%', '5.2~15.2', 'P-LCR', '大血小板比率', '21.00', '18.5~42.3', '%', '11.10', '%', '25', '11', '12', 'EO%', '嗜酸性粒细胞比率4.60', '0.6~7.6', '%', '26', 'PCT', '血小板比积', '0.30', '0.17~0.32', '%', '13 BASO%', '嗜碱性粒细胞比率0.70', '0.1~1.2', '%', '27', 'MP-IgM', '肺炎支原体抗体(IgM)', '阴性', '阴性', '备洼*RBC', '红细胞', '4.3', '4.01~5.5', '10^12/L', 'PLT', 'RBC', 'WBC', 'DIFF', '采样时间:2020/12/26 19:25:', '接收时间:2020/12/26 19:27', '报告时间:2020/12/26 19:48:', '醺者秋A卡', '复核者:', '声明:此检验报告仅对该送检标本负责!*项目代表京津冀鲁临床检验结果互认项目', '纥', '医院地址:北京市昌平区回龙观东大街308号院1,联系电话:010-69787777-7912']
False
血红蛋白
112
110~190
['110', '190']
白细胞
7.64
4~12
['4', '12']
中性粒细胞%
30.10
18~46
['18', '46']
淋巴细胞%
53.50
37~78
['37', '78']
红细胞
4.3
4.01~5.5
['4.01', '5.5']
199
199
{'血红蛋白': {'Value': 112.0, 'Lvalue': 110.0, 'Hvalue': 190.0, 'Level': 'E'}, '白细胞数': {'Value': 7.64, 'Lvalue': 4.0, 'Hvalue': 12.0, 'Level': 'E'}, '中性粒细胞百分比': {'Value': 30.1, 'Lvalue': 18.0, 'Hvalue': 46.0, 'Level': 'E'}, '淋巴细胞百分比': {'Value': 53.5, 'Lvalue': 37.0, 'Hvalue': 78.0, 'Level': 'E'}, '红细胞数': {'Value': 4.3, 'Lvalue': 4.01, 'Hvalue': 5.5, 'Level': 'E'}}
204
194
2022/06/27 16:34:08 - TrWebOCRLog.backend.webInterface.tr_run - [INFO] | {"ip": "8.142.14.63:5017", "return": {"code": 200, "msg": "\u6210\u529f", "data": {"raw_out": {"\u8840\u7ea2\u86cb\u767d": {"Value": 112.0}, "\u767d\u7ec6\u80de\u6570": {"Value": 7.64, "Lvalue": 4.0, "Hvalue": 12.0, "Level": "E"}, "\u4e2d\u6027\u7c92\u7ec6\u80de\u767e\u5206\u6bd4": {"Value": 30.1}, "\u6dcb\u5df4\u7ec6\u80de\u767e\u5206\u6bd4": {"Value": 53.5, "Lvalue": 37.0, "Hvalue": 78.0, "Level": "E"}, "\u7ea2\u7ec6\u80de\u6570": {"Value": 4.3}}, "person_info": {"\u533b\u9662": "\u5317\u4eac\u4eac\u90fd\u513f\u7ae5\u533b\u9662", "\u59d3\u540d": "\u90d1\u777f\u6d77", "\u75c5\u4eba\u7c7b\u578b": "\u95e8\u8bca", "\u6807\u672c\u7c7b\u578b": "\u5168\u8840", "\u6027\u522b": "\u7537", "\u5361\u53f7": "\u5e74\u9f84:7\u670826\u5929|2020/4/30", "\u5e74\u9f84": "7\u670826\u5929|2020/4/30", "\u79d1\u5ba4": "\u611f\u67d3\u79d1\u95e8\u8bca", "\u8bca\u65ad": "\u6025\u6027\u54bd\u5589\u708e", "\u68c0\u67e5\u65e5\u671f": "2020/12/26"}, "speed_time": 3.3}}, "time": "2022-06-27 16:34:08"}
[I 220627 16:34:08 tr_run:158] {"ip": "8.142.14.63:5017", "return": {"code": 200, "msg": "\u6210\u529f", "data": {"raw_out": {"\u8840\u7ea2\u86cb\u767d": {"Value": 112.0}, "\u767d\u7ec6\u80de\u6570": {"Value": 7.64, "Lvalue": 4.0, "Hvalue": 12.0, "Level": "E"}, "\u4e2d\u6027\u7c92\u7ec6\u80de\u767e\u5206\u6bd4": {"Value": 30.1}, "\u6dcb\u5df4\u7ec6\u80de\u767e\u5206\u6bd4": {"Value": 53.5, "Lvalue": 37.0, "Hvalue": 78.0, "Level": "E"}, "\u7ea2\u7ec6\u80de\u6570": {"Value": 4.3}}, "person_info": {"\u533b\u9662": "\u5317\u4eac\u4eac\u90fd\u513f\u7ae5\u533b\u9662", "\u59d3\u540d": "\u90d1\u777f\u6d77", "\u75c5\u4eba\u7c7b\u578b": "\u95e8\u8bca", "\u6807\u672c\u7c7b\u578b": "\u5168\u8840", "\u6027\u522b": "\u7537", "\u5361\u53f7": "\u5e74\u9f84:7\u670826\u5929|2020/4/30", "\u5e74\u9f84": "7\u670826\u5929|2020/4/30", "\u79d1\u5ba4": "\u611f\u67d3\u79d1\u95e8\u8bca", "\u8bca\u65ad": "\u6025\u6027\u54bd\u5589\u708e", "\u68c0\u67e5\u65e5\u671f": "2020/12/26"}, "speed_time": 3.3}}, "time": "2022-06-27 16:34:08"}
[I 220627 16:34:08 web:2239] 200 POST /api/tr-run/ (8.142.14.63) 3310.55ms
2022/06/27 17:17:20 - TrWebOCRLog.backend.webInterface.tr_run - [INFO] | {"ip": "8.142.14.63:5017", "return": {"code": 200, "msg": "\u6210\u529f", "data": {"raw_out": {"\u7ea2\u7ec6\u80de\u6570": {"Value": 0.13, "Lvalue": 0.11, "Hvalue": 0.15, "Level": "E"}, "\u6dcb\u5df4\u7ec6\u80de\u767e\u5206\u6bd4": {"Value": 0.716, "Lvalue": 0.2, "Hvalue": 0.4, "Level": "H"}, "\u4e2d\u6027\u7c92\u7ec6\u80de\u767e\u5206\u6bd4": {"Value": 0.211, "Lvalue": 0.4, "Hvalue": 0.7, "Level": "L"}}, "person_info": {"\u68c0\u67e5\u65e5\u671f": "2020-09-03"}, "speed_time": 2.72}}, "time": "2022-06-27 17:17:20"}
[I 220627 17:17:20 tr_run:158] {"ip": "8.142.14.63:5017", "return": {"code": 200, "msg": "\u6210\u529f", "data": {"raw_out": {"\u7ea2\u7ec6\u80de\u6570": {"Value": 0.13, "Lvalue": 0.11, "Hvalue": 0.15, "Level": "E"}, "\u6dcb\u5df4\u7ec6\u80de\u767e\u5206\u6bd4": {"Value": 0.716, "Lvalue": 0.2, "Hvalue": 0.4, "Level": "H"}, "\u4e2d\u6027\u7c92\u7ec6\u80de\u767e\u5206\u6bd4": {"Value": 0.211, "Lvalue": 0.4, "Hvalue": 0.7, "Level": "L"}}, "person_info": {"\u68c0\u67e5\u65e5\u671f": "2020-09-03"}, "speed_time": 2.72}}, "time": "2022-06-27 17:17:20"}
[I 220627 17:17:20 web:2239] 200 POST /api/tr-run/ (8.142.14.63) 2739.00ms
2022/06/28 16:10:37 - TrWebOCRLog.backend.webInterface.tr_run - [INFO] | {"ip": "8.142.14.63:5017", "return": {"code": 200, "msg": "\u6210\u529f", "data": {"raw_out": {"\u7ea2\u7ec6\u80de\u6570": {"Value": 0.13, "Lvalue": 0.11, "Hvalue": 0.15, "Level": "E"}, "\u6dcb\u5df4\u7ec6\u80de\u767e\u5206\u6bd4": {"Value": 0.716, "Lvalue": 0.2, "Hvalue": 0.4, "Level": "H"}, "\u4e2d\u6027\u7c92\u7ec6\u80de\u767e\u5206\u6bd4": {"Value": 0.211, "Lvalue": 0.4, "Hvalue": 0.7, "Level": "L"}}, "person_info": {"\u68c0\u67e5\u65e5\u671f": "2020-09-03"}, "speed_time": 2.47}}, "time": "2022-06-28 16:10:37"}
[I 220628 16:10:37 tr_run:158] {"ip": "8.142.14.63:5017", "return": {"code": 200, "msg": "\u6210\u529f", "data": {"raw_out": {"\u7ea2\u7ec6\u80de\u6570": {"Value": 0.13, "Lvalue": 0.11, "Hvalue": 0.15, "Level": "E"}, "\u6dcb\u5df4\u7ec6\u80de\u767e\u5206\u6bd4": {"Value": 0.716, "Lvalue": 0.2, "Hvalue": 0.4, "Level": "H"}, "\u4e2d\u6027\u7c92\u7ec6\u80de\u767e\u5206\u6bd4": {"Value": 0.211, "Lvalue": 0.4, "Hvalue": 0.7, "Level": "L"}}, "person_info": {"\u68c0\u67e5\u65e5\u671f": "2020-09-03"}, "speed_time": 2.47}}, "time": "2022-06-28 16:10:37"}
[I 220628 16:10:37 web:2239] 200 POST /api/tr-run/ (8.142.14.63) 2496.14ms
['北京京都儿童医院检验报告单', '费别:学生儿童', '姓名:郑睿海', '病人类型:门诊', '送检医生:张静', '标本类型:全血', '号:20190100026755', '床', '检验仪器:', 'XS500I-1', '性别:男', '卡', '号:', '年龄:7月26天|2020/4/30', '生', '科', '室:感染科门诊', '诊', '断:急性咽喉炎', '样本号:', '152', '代号', '项目名称', '结果', '参考值', '单位', '代号', '项目名称', '结果', '参考值', '单位', '1', 'CRP', 'C反应蛋白', '3.95', '0 10', 'mg L', '15', '*HGB', '血红蛋白', '112', '110190', 'g/L', '红细胞压积', '30~50', '%', '010', '16', '2', 'CRPH', '超敏C反应蛋白', '3.61', 'mg/L', '*HCT', '34.30', '*WBC', '白细胞', '7.64', '4~12', '10^9/L', '17', 'MCV', '平均红细胞体积', '3', '79.2', 'l80 100', 'fL', '平均血红蛋白含量', 'Pg', '18', 'MCH', '4', 'NEU', '中性粒细胞', '2.30', '0.72 4.6', '10^9/L', 'LYM', '25.9', 'l27~31', '淋巴细胞数', '4.09', '1.48 7.8', '10^9/L', '19', 'MCHC', '平均血红蛋白浓度', '327', '310 350', '5', 'g/L', '单核细胞数', '0.85', '0.29 0.95', '10^9/L', 'RDW_SD', '红细胞体积分布宽度SD', '36.80⊥37.1 45.7', 'fL', '20', '6', 'MONO', 'EO#', '嗜酸粒细胞数', '0.35', '0.03 0.59', 'RDW-CV', '红细胞体积分布宽度CV 12.90', '12 13.6', '%', '10^9/L', '21', '7', '8', 'BASO#', '嗜碱粒细胞数', '0.05', '0~0.1', '10^9/L', '22', '*PLT', '血小板计数', '318', 'f 100~300', '10^9/L', 'fL', 'NEU%', '中性粒细胞%', '30.10', '18 46', '%', '23', 'PDW', '血小板体积分布宽度', '10.1', '10.1 16.1', '9', '10', 'LYM%', '淋巴细胞%', '53.50', '37~78', '%', '11MONO%', '24', 'MPV', '平均血小板体积', '9.5', '9.3 12.1', 'fL', '单核细胞%', '11.10', '5.2 15.2', '%', '25', 'P-LCR', '12 EO%', '大血小板比率', '21.00', '18.5 42.3', '%', '嗜酸性粒细胞比率4.60', '26', 'PCT', '血小板比积', '0.30', '0.170.32', '%', '0.6 7.6', '%', '13 BASO%', '嗜碱性粒细胞比率0.70', '0.1 1.2', '%', '27', 'MP IgM', '肺炎支原体抗体(IgM)', '阴性', '阴性', '备洼*RBC', '红细胞', '4.3', '4.01 5.5', '10^12/L', 'WBC', 'DIFF', '接收时间:2020/12/26 19:27', '报告时间:2020/12/26 19:48:', '醺着vA书', '采样时间:2020/12/26 19:25', '复核者', '声明:此检验报告仅对该送检标本负责!*项目代表京津冀鲁临床检验结果互认项目', '线', '医院地址:北京市昌平区回龙观东大街308号院1,联系电话:010 69787777-7912']
False
血红蛋白
112
白细胞
7.64
4~12
['4', '12']
中性粒细胞%
30.10
淋巴细胞%
53.50
37~78
['37', '78']
红细胞
4.3
194
194
{'血红蛋白': {'Value': 112.0}, '白细胞数': {'Value': 7.64, 'Lvalue': 4.0, 'Hvalue': 12.0, 'Level': 'E'}, '中性粒细胞百分比': {'Value': 30.1}, '淋巴细胞百分比': {'Value': 53.5, 'Lvalue': 37.0, 'Hvalue': 78.0, 'Level': 'E'}, '红细胞数': {'Value': 4.3}}
101
90
['验项目', '甲仫口期:', '2020-09-03', '结果', '单位', '参考值', '异常标志', '8.6', '*10^9/L', '红细胞', '红蛋白', '5.0-12.0', '4.61', '*10^12/L', '3.5-5.5', '123', '血小板计数', 'g/L', '110-150', '262', '*10^9/L', '平均RBC体积', '125-350', '82.1', 'fl', '82-97', '平均RBC血红蛋白量', '26.8', 'pg', '27-31', '平均RBC血红蛋白浓', '326', 'g/L', '320-360', '红细胞压积', '0.378', '0.36-0.54', '淋巴细胞百分比', '0.716', '0.2-0.4', '单核细胞百分比', '0.033', '0-0.13', '中性粒细胞百分比', '0.211', '0.4-0.7', '淋巴细胞绝对值', '6.2', '*10^9/L', '0.8-4', '单核细胞绝对值', '*10^9/L', '0-2', '0.3', '中性粒细胞绝对值', '*10^9/L', '2-7.5', '1.8', '血小板分布宽度', '15.9', 'fL', '9-17', '血小板平均体积', '7.8-11', '8.4', 'fL', '嗜酸细胞百分比', '0.034', '0.005-0.050', '嗜碱细胞百分比', '0.006', '0-0.02', '嗜酸细胞绝对值', '0.3', '10^9/L', '0-0.5', '嗜碱细胞绝对值', '10^9/L', '0-0.2', '0.1', '丙氨酸氨基转移酶', 'U/L', '1-40', '15.7', '血小板比积', '0.22', '0.10-0.27', '红细胞分布宽度', '0.13', '0.11-0.15']
False
红细胞
红蛋白
object
5.0-12.0
['5.0', '12.0']
淋巴细胞百分比
0.716
0.2-0.4
['0.2', '0.4']
中性粒细胞百分比
0.211
0.4-0.7
['0.4', '0.7']
红细胞分布宽度
0.13
0.11-0.15
['0.11', '0.15']
90
90
{'红细胞数': {'Value': 0.13, 'Lvalue': 0.11, 'Hvalue': 0.15, 'Level': 'E'}, '淋巴细胞百分比': {'Value': 0.716, 'Lvalue': 0.2, 'Hvalue': 0.4, 'Level': 'H'}, '中性粒细胞百分比': {'Value': 0.211, 'Lvalue': 0.4, 'Hvalue': 0.7, 'Level': 'L'}}
101
90
['验项目', '甲仫口期:', '2020-09-03', '结果', '单位', '参考值', '异常标志', '8.6', '*10^9/L', '红细胞', '红蛋白', '5.0-12.0', '4.61', '*10^12/L', '3.5-5.5', '123', '血小板计数', 'g/L', '110-150', '262', '*10^9/L', '平均RBC体积', '125-350', '82.1', 'fl', '82-97', '平均RBC血红蛋白量', '26.8', 'pg', '27-31', '平均RBC血红蛋白浓', '326', 'g/L', '320-360', '红细胞压积', '0.378', '0.36-0.54', '淋巴细胞百分比', '0.716', '0.2-0.4', '单核细胞百分比', '0.033', '0-0.13', '中性粒细胞百分比', '0.211', '0.4-0.7', '淋巴细胞绝对值', '6.2', '*10^9/L', '0.8-4', '单核细胞绝对值', '*10^9/L', '0-2', '0.3', '中性粒细胞绝对值', '*10^9/L', '2-7.5', '1.8', '血小板分布宽度', '15.9', 'fL', '9-17', '血小板平均体积', '7.8-11', '8.4', 'fL', '嗜酸细胞百分比', '0.034', '0.005-0.050', '嗜碱细胞百分比', '0.006', '0-0.02', '嗜酸细胞绝对值', '0.3', '10^9/L', '0-0.5', '嗜碱细胞绝对值', '10^9/L', '0-0.2', '0.1', '丙氨酸氨基转移酶', 'U/L', '1-40', '15.7', '血小板比积', '0.22', '0.10-0.27', '红细胞分布宽度', '0.13', '0.11-0.15']
False
红细胞
红蛋白
object
5.0-12.0
['5.0', '12.0']
淋巴细胞百分比
0.716
0.2-0.4
['0.2', '0.4']
中性粒细胞百分比
0.211
0.4-0.7
['0.4', '0.7']
红细胞分布宽度
0.13
0.11-0.15
['0.11', '0.15']
90
90
{'红细胞数': {'Value': 0.13, 'Lvalue': 0.11, 'Hvalue': 0.15, 'Level': 'E'}, '淋巴细胞百分比': {'Value': 0.716, 'Lvalue': 0.2, 'Hvalue': 0.4, 'Level': 'H'}, '中性粒细胞百分比': {'Value': 0.211, 'Lvalue': 0.4, 'Hvalue': 0.7, 'Level': 'L'}}
220
197
2022/06/29 17:04:25 - TrWebOCRLog.backend.webInterface.tr_run - [INFO] | {"ip": "8.142.14.63:5017", "return": {"code": 200, "msg": "\u6210\u529f", "data": {"raw_out": {"\u8840\u7ea2\u86cb\u767d": {"Value": 112.0, "Lvalue": 110.0, "Hvalue": 190.0, "Level": "E"}, "\u767d\u7ec6\u80de\u6570": {"Value": 7.64}, "\u4e2d\u6027\u7c92\u7ec6\u80de\u767e\u5206\u6bd4": {"Value": 30.1, "Lvalue": 18.0, "Hvalue": 46.0, "Level": "E"}, "\u6dcb\u5df4\u7ec6\u80de\u767e\u5206\u6bd4": {"Value": 0, "Lvalue": 37.0, "Hvalue": 78.0, "Level": "L"}, "\u7ea2\u7ec6\u80de\u6570": {"Value": 4.3, "Lvalue": 4.01, "Hvalue": 5.5, "Level": "E"}}, "person_info": {"\u68c0\u67e5\u65e5\u671f": "2020/12/26", "\u533b\u9662": "\u5317\u4eac\u4eac\u90fd\u513f\u7ae5\u533b\u9662", "\u59d3\u540d": "\u90d1\u777f\u6d77", "\u75c5\u4eba\u7c7b\u578b": "\u95e8\u8bca", "\u6807\u672c\u7c7b\u578b": "\u5168\u8840", "\u5361\u53f7": "20190100026755", "\u5e74\u9f84": "7\u670826\u5929||2020/4/30", "\u79d1\u5ba4": "\u611f\u67d3\u79d1\u95e8\u8bca", "\u8bca\u65ad": "\u6025\u6027\u54bd\u5589\u708e"}, "speed_time": 3.57}}, "time": "2022-06-29 17:04:25"}
[I 220629 17:04:25 tr_run:158] {"ip": "8.142.14.63:5017", "return": {"code": 200, "msg": "\u6210\u529f", "data": {"raw_out": {"\u8840\u7ea2\u86cb\u767d": {"Value": 112.0, "Lvalue": 110.0, "Hvalue": 190.0, "Level": "E"}, "\u767d\u7ec6\u80de\u6570": {"Value": 7.64}, "\u4e2d\u6027\u7c92\u7ec6\u80de\u767e\u5206\u6bd4": {"Value": 30.1, "Lvalue": 18.0, "Hvalue": 46.0, "Level": "E"}, "\u6dcb\u5df4\u7ec6\u80de\u767e\u5206\u6bd4": {"Value": 0, "Lvalue": 37.0, "Hvalue": 78.0, "Level": "L"}, "\u7ea2\u7ec6\u80de\u6570": {"Value": 4.3, "Lvalue": 4.01, "Hvalue": 5.5, "Level": "E"}}, "person_info": {"\u68c0\u67e5\u65e5\u671f": "2020/12/26", "\u533b\u9662": "\u5317\u4eac\u4eac\u90fd\u513f\u7ae5\u533b\u9662", "\u59d3\u540d": "\u90d1\u777f\u6d77", "\u75c5\u4eba\u7c7b\u578b": "\u95e8\u8bca", "\u6807\u672c\u7c7b\u578b": "\u5168\u8840", "\u5361\u53f7": "20190100026755", "\u5e74\u9f84": "7\u670826\u5929||2020/4/30", "\u79d1\u5ba4": "\u611f\u67d3\u79d1\u95e8\u8bca", "\u8bca\u65ad": "\u6025\u6027\u54bd\u5589\u708e"}, "speed_time": 3.57}}, "time": "2022-06-29 17:04:25"}
[I 220629 17:04:25 web:2239] 200 POST /api/tr-run/ (8.142.14.63) 3822.90ms
2022/06/29 17:19:42 - TrWebOCRLog.backend.webInterface.tr_run - [INFO] | {"ip": "8.142.14.63:5017", "return": {"code": 200, "msg": "\u6210\u529f", "data": {"raw_out": {"\u8840\u7ea2\u86cb\u767d": {"Value": 112.0, "Lvalue": 110.0, "Hvalue": 190.0, "Level": "E"}, "\u767d\u7ec6\u80de\u6570": {"Value": 7.64}, "\u4e2d\u6027\u7c92\u7ec6\u80de\u767e\u5206\u6bd4": {"Value": 30.1, "Lvalue": 18.0, "Hvalue": 46.0, "Level": "E"}, "\u6dcb\u5df4\u7ec6\u80de\u767e\u5206\u6bd4": {"Value": 0, "Lvalue": 37.0, "Hvalue": 78.0, "Level": "L"}, "\u7ea2\u7ec6\u80de\u6570": {"Value": 4.3, "Lvalue": 4.01, "Hvalue": 5.5, "Level": "E"}}, "person_info": {"\u68c0\u67e5\u65e5\u671f": "2020/12/26", "\u533b\u9662": "\u5317\u4eac\u4eac\u90fd\u513f\u7ae5\u533b\u9662", "\u59d3\u540d": "\u90d1\u777f\u6d77", "\u75c5\u4eba\u7c7b\u578b": "\u95e8\u8bca", "\u6807\u672c\u7c7b\u578b": "\u5168\u8840", "\u5361\u53f7": "20190100026755", "\u5e74\u9f84": "7\u670826\u5929||2020/4/30", "\u79d1\u5ba4": "\u611f\u67d3\u79d1\u95e8\u8bca", "\u8bca\u65ad": "\u6025\u6027\u54bd\u5589\u708e"}, "speed_time": 3.6}}, "time": "2022-06-29 17:19:42"}
[I 220629 17:19:42 tr_run:158] {"ip": "8.142.14.63:5017", "return": {"code": 200, "msg": "\u6210\u529f", "data": {"raw_out": {"\u8840\u7ea2\u86cb\u767d": {"Value": 112.0, "Lvalue": 110.0, "Hvalue": 190.0, "Level": "E"}, "\u767d\u7ec6\u80de\u6570": {"Value": 7.64}, "\u4e2d\u6027\u7c92\u7ec6\u80de\u767e\u5206\u6bd4": {"Value": 30.1, "Lvalue": 18.0, "Hvalue": 46.0, "Level": "E"}, "\u6dcb\u5df4\u7ec6\u80de\u767e\u5206\u6bd4": {"Value": 0, "Lvalue": 37.0, "Hvalue": 78.0, "Level": "L"}, "\u7ea2\u7ec6\u80de\u6570": {"Value": 4.3, "Lvalue": 4.01, "Hvalue": 5.5, "Level": "E"}}, "person_info": {"\u68c0\u67e5\u65e5\u671f": "2020/12/26", "\u533b\u9662": "\u5317\u4eac\u4eac\u90fd\u513f\u7ae5\u533b\u9662", "\u59d3\u540d": "\u90d1\u777f\u6d77", "\u75c5\u4eba\u7c7b\u578b": "\u95e8\u8bca", "\u6807\u672c\u7c7b\u578b": "\u5168\u8840", "\u5361\u53f7": "20190100026755", "\u5e74\u9f84": "7\u670826\u5929||2020/4/30", "\u79d1\u5ba4": "\u611f\u67d3\u79d1\u95e8\u8bca", "\u8bca\u65ad": "\u6025\u6027\u54bd\u5589\u708e"}, "speed_time": 3.6}}, "time": "2022-06-29 17:19:42"}
[I 220629 17:19:42 web:2239] 200 POST /api/tr-run/ (8.142.14.63) 3613.76ms
['项目名称:血常规+CRP+肺炎支原体抗体(末梢2020/12/26', '北京京都儿童医院检验报告单', '费别:学生儿童', '姓名:郑睿海', '病人类型:门诊', '送检医生:张静', '标本类型:全血', '性别:', '卡', '号:20190100026755', '床', '号:', '检验仪器:XS500I-1', '男', '年龄:7月26天||2020/4/30', '生', '科', '室:感染科门诊', '诊', '断:急性咽喉炎', '样本号:', '152', '代号', '项目名称', '结果', '参考值', '单位', '代号', '项目名称', '结果', '参考值', '单位', 'CRP', 'C-反应蛋白', '3.95', '0~10', 'mg/L', '15', '*HGB', '血红蛋白', '112', '110~190', 'g/L', '1|', 'mg/L', '16', '*HCT', '红细胞压积', '34.30', '30~50', '%', '2|', 'CRPH', '超敏C反应蛋白', '3.61', '0~10', '4~12', '17', 'MCV', '平均红细胞体积', '3', '*WBC|', '白细胞', '7.64', '10^9/L', '79.2', 'NEU', 'l80~100', 'fL', '中性粒细胞', '2.30', '0.72 4.6', '10^9/L', '18', 'MCH', '平均血红蛋白含量', '25.9', 'Pg', '4', '5', 'LYM', 'l27~31', '淋巴细胞数', '4.09', '1.48 7.8', '10^9/L', '19', 'MCHC', '平均血红蛋白浓度', '327', '310 350', 'g/L', 'MONO', '单核细胞数', '0.85', '0.29 0.95', '10^9/L', '20', 'RDW_SD', '红细胞体积分布宽度-SD', '36.80⊥37.1~45.7', 'fL', '6', '7', 'EO#', '嗜酸粒细胞数', '0.35', '0.03 0.59', '10^9/L', '21', 'RDW-CV', '红细胞体积分布宽度CV 12.90', '12~13.6', '%', '8|', 'BASO#', '嗜碱粒细胞数', '0.05', '~0.1', '10^9/L', '22', '*PLT', '血小板计数', '318', 'f 100~300', '10^9/L', 'fL', '23', 'PDW', '9', 'NEU%', '中性粒细胞%', '30.10', '18~46', '%', '10 LYM%', '血小板体积分布宽度', '10.1', '10.116.1', '淋巴细胞%', 'fL', '53.50', '37~78', '%', '24', 'MPV', '11 MONO%', '平均血小板体积', '9.5', '9.3~12.1', '单核细胞%', '11.10', '5.2~15.2', 'P-LCR', '大血小板比率', '21.00', '18.542.3', '%', '%', '25', '12', 'EO%', '嗜酸性粒细胞比率4.60', '0.67.6', '%', '26', 'PCT', '血小板比积', '0.30', '0.17~0.32', '%', '13', 'BASO%', '嗜碱性粒细胞比率0.70', '0.11.2', '%', '27', 'MP-IgM', '肺炎支原体抗体(IgM)', '阴性', '阴性', '备注*RBC', '红细胞', '4.3', '4.01~5.5', '10^12/L', 'PL', 'RBC', 'WBC', 'DIFF', '接收时间:2020/12/26 19:27', '报告时间:2020/12/26 19:48:', '者和A书', '睹认裟', '采样时间:2020/12/26 19:25:', '声明:此检验报告仅对该送检标本负责!*项目代表京津冀鲁临床检验结果互认项目', '医院地址:北京市昌平区回龙观东大街308号院1,联系电话:010-69787777-7912']
False
血红蛋白
112
110~190
['110', '190']
白细胞
7.64
中性粒细胞%
30.10
18~46
['18', '46']
淋巴细胞%
fL
fL
L
object
78
红细胞
4.3
4.01~5.5
['4.01', '5.5']
197
197
{'血红蛋白': {'Value': 112.0, 'Lvalue': 110.0, 'Hvalue': 190.0, 'Level': 'E'}, '白细胞数': {'Value': 7.64}, '中性粒细胞百分比': {'Value': 30.1, 'Lvalue': 18.0, 'Hvalue': 46.0, 'Level': 'E'}, '淋巴细胞百分比': {'Value': 0, 'Lvalue': 37.0, 'Hvalue': 78.0, 'Level': 'L'}, '红细胞数': {'Value': 4.3, 'Lvalue': 4.01, 'Hvalue': 5.5, 'Level': 'E'}}
220
197
['项目名称:血常规+CRP+肺炎支原体抗体(末梢2020/12/26', '北京京都儿童医院检验报告单', '费别:学生儿童', '姓名:郑睿海', '病人类型:门诊', '送检医生:张静', '标本类型:全血', '性别:', '卡', '号:20190100026755', '床', '号:', '检验仪器:XS500I-1', '男', '年龄:7月26天||2020/4/30', '生', '科', '室:感染科门诊', '诊', '断:急性咽喉炎', '样本号:', '152', '代号', '项目名称', '结果', '参考值', '单位', '代号', '项目名称', '结果', '参考值', '单位', 'CRP', 'C-反应蛋白', '3.95', '0~10', 'mg/L', '15', '*HGB', '血红蛋白', '112', '110~190', 'g/L', '1|', 'mg/L', '16', '*HCT', '红细胞压积', '34.30', '30~50', '%', '2|', 'CRPH', '超敏C反应蛋白', '3.61', '0~10', '4~12', '17', 'MCV', '平均红细胞体积', '3', '*WBC|', '白细胞', '7.64', '10^9/L', '79.2', 'NEU', 'l80~100', 'fL', '中性粒细胞', '2.30', '0.72 4.6', '10^9/L', '18', 'MCH', '平均血红蛋白含量', '25.9', 'Pg', '4', '5', 'LYM', 'l27~31', '淋巴细胞数', '4.09', '1.48 7.8', '10^9/L', '19', 'MCHC', '平均血红蛋白浓度', '327', '310 350', 'g/L', 'MONO', '单核细胞数', '0.85', '0.29 0.95', '10^9/L', '20', 'RDW_SD', '红细胞体积分布宽度-SD', '36.80⊥37.1~45.7', 'fL', '6', '7', 'EO#', '嗜酸粒细胞数', '0.35', '0.03 0.59', '10^9/L', '21', 'RDW-CV', '红细胞体积分布宽度CV 12.90', '12~13.6', '%', '8|', 'BASO#', '嗜碱粒细胞数', '0.05', '~0.1', '10^9/L', '22', '*PLT', '血小板计数', '318', 'f 100~300', '10^9/L', 'fL', '23', 'PDW', '9', 'NEU%', '中性粒细胞%', '30.10', '18~46', '%', '10 LYM%', '血小板体积分布宽度', '10.1', '10.116.1', '淋巴细胞%', 'fL', '53.50', '37~78', '%', '24', 'MPV', '11 MONO%', '平均血小板体积', '9.5', '9.3~12.1', '单核细胞%', '11.10', '5.2~15.2', 'P-LCR', '大血小板比率', '21.00', '18.542.3', '%', '%', '25', '12', 'EO%', '嗜酸性粒细胞比率4.60', '0.67.6', '%', '26', 'PCT', '血小板比积', '0.30', '0.17~0.32', '%', '13', 'BASO%', '嗜碱性粒细胞比率0.70', '0.11.2', '%', '27', 'MP-IgM', '肺炎支原体抗体(IgM)', '阴性', '阴性', '备注*RBC', '红细胞', '4.3', '4.01~5.5', '10^12/L', 'PL', 'RBC', 'WBC', 'DIFF', '接收时间:2020/12/26 19:27', '报告时间:2020/12/26 19:48:', '者和A书', '睹认裟', '采样时间:2020/12/26 19:25:', '声明:此检验报告仅对该送检标本负责!*项目代表京津冀鲁临床检验结果互认项目', '医院地址:北京市昌平区回龙观东大街308号院1,联系电话:010-69787777-7912']
False
血红蛋白
112
110~190
['110', '190']
白细胞
7.64
中性粒细胞%
30.10
18~46
['18', '46']
淋巴细胞%
fL
fL
L
object
78
红细胞
4.3
4.01~5.5
['4.01', '5.5']
197
197
{'血红蛋白': {'Value': 112.0, 'Lvalue': 110.0, 'Hvalue': 190.0, 'Level': 'E'}, '白细胞数': {'Value': 7.64}, '中性粒细胞百分比': {'Value': 30.1, 'Lvalue': 18.0, 'Hvalue': 46.0, 'Level': 'E'}, '淋巴细胞百分比': {'Value': 0, 'Lvalue': 37.0, 'Hvalue': 78.0, 'Level': 'L'}, '红细胞数': {'Value': 4.3, 'Lvalue': 4.01, 'Hvalue': 5.5, 'Level': 'E'}}
219
196
2022/06/29 17:43:18 - TrWebOCRLog.backend.webInterface.tr_run - [INFO] | {"ip": "8.142.14.63:5017", "return": {"code": 200, "msg": "\u6210\u529f", "data": {"raw_out": {"\u8840\u7ea2\u86cb\u767d": {"Value": 112.0, "Lvalue": 110.0, "Hvalue": 190.0, "Level": "E"}, "\u767d\u7ec6\u80de\u6570": {"Value": 7.64, "Lvalue": 4.0, "Hvalue": 12.0, "Level": "E"}, "\u4e2d\u6027\u7c92\u7ec6\u80de\u767e\u5206\u6bd4": {"Value": 30.1, "Lvalue": 18.0, "Hvalue": 46.0, "Level": "E"}, "\u6dcb\u5df4\u7ec6\u80de\u767e\u5206\u6bd4": {"Value": 0}, "\u7ea2\u7ec6\u80de\u6570": {"Value": 4.3, "Lvalue": 4.01, "Hvalue": 5.5, "Level": "E"}}, "person_info": {"\u68c0\u67e5\u65e5\u671f": "2020/12/26", "\u533b\u9662": "\u5317\u4eac\u4eac\u90fd\u513f\u7ae5\u533b\u9662", "\u59d3\u540d": "\u90d1\u777f\u6d77", "\u75c5\u4eba\u7c7b\u578b": "\u95e8\u8bca", "\u6807\u672c\u7c7b\u578b": "\u5168\u8840", "\u5361\u53f7": "20190100026755", "\u5e74\u9f84": "7\u670826\u5929||2020/4/30", "\u79d1\u5ba4": "\u611f\u67d3\u79d1\u95e8\u8bca", "\u8bca\u65ad": "\u6025\u6027\u54bd\u5589\u708e"}, "speed_time": 3.57}}, "time": "2022-06-29 17:43:18"}
[I 220629 17:43:18 tr_run:158] {"ip": "8.142.14.63:5017", "return": {"code": 200, "msg": "\u6210\u529f", "data": {"raw_out": {"\u8840\u7ea2\u86cb\u767d": {"Value": 112.0, "Lvalue": 110.0, "Hvalue": 190.0, "Level": "E"}, "\u767d\u7ec6\u80de\u6570": {"Value": 7.64, "Lvalue": 4.0, "Hvalue": 12.0, "Level": "E"}, "\u4e2d\u6027\u7c92\u7ec6\u80de\u767e\u5206\u6bd4": {"Value": 30.1, "Lvalue": 18.0, "Hvalue": 46.0, "Level": "E"}, "\u6dcb\u5df4\u7ec6\u80de\u767e\u5206\u6bd4": {"Value": 0}, "\u7ea2\u7ec6\u80de\u6570": {"Value": 4.3, "Lvalue": 4.01, "Hvalue": 5.5, "Level": "E"}}, "person_info": {"\u68c0\u67e5\u65e5\u671f": "2020/12/26", "\u533b\u9662": "\u5317\u4eac\u4eac\u90fd\u513f\u7ae5\u533b\u9662", "\u59d3\u540d": "\u90d1\u777f\u6d77", "\u75c5\u4eba\u7c7b\u578b": "\u95e8\u8bca", "\u6807\u672c\u7c7b\u578b": "\u5168\u8840", "\u5361\u53f7": "20190100026755", "\u5e74\u9f84": "7\u670826\u5929||2020/4/30", "\u79d1\u5ba4": "\u611f\u67d3\u79d1\u95e8\u8bca", "\u8bca\u65ad": "\u6025\u6027\u54bd\u5589\u708e"}, "speed_time": 3.57}}, "time": "2022-06-29 17:43:18"}
[I 220629 17:43:18 web:2239] 200 POST /api/tr-run/ (8.142.14.63) 3582.75ms
[I 220629 20:58:34 web:2239] 200 GET / (64.225.1.218) 1.90ms
